Log file open, 05/17/15 20:25:47
LogInit:Display: Running engine for game: esath_001
LogInit: Version: 4.7.6-2513093+++depot+UE4-Releases+4.7
LogInit: API Version: 2455222
LogInit: Compiled (64-bit): Apr 15 2015 12:09:54
LogInit: Compiled with Visual C++: 18.00.21005.01
LogInit: Build Configuration: Development
LogInit: Branch Name: ++depot+UE4-Releases+4.7
LogInit: Command line:  
LogInit: Base directory: C:/oldy/Unreal Engine/4.7/Engine/Binaries/Win64/
LogInit: Rocket: 1
[2015.05.17-16.25.47:939][  0]LogTaskGraph: Started task graph with 3 named threads and 4 total threads.
[2015.05.17-16.25.47:992][  0]LogOnline:Warning: No default platform service specified for OnlineSubsystem
[2015.05.17-16.25.48:539][  0]LogInit: Presizing for 0 objects not considered by GC, pre-allocating 0 bytes.
[2015.05.17-16.25.48:553][  0]LogInit: Object subsystem initialized
[2015.05.17-16.25.48:556][  0]LogConsoleResponse:Warning: Skipping Unknown console variable: 'TranslucentSortAxis = (X=0.000000,Y=-1.000000,Z=0.000000)'
[2015.05.17-16.25.48:556][  0]LogConsoleResponse:Warning:   Found in ini file 'C:/Users/Алиса/Documents/Unreal Projects/esath_001/data/Saved/Config/Windows/Engine.ini', in section '[/Script/Engine.RendererSettings]'
[2015.05.17-16.25.48:556][  0]LogConsoleResponse:Warning: Skipping Unknown console variable: 'UIScaleRule = ShortestSide'
[2015.05.17-16.25.48:556][  0]LogConsoleResponse:Warning:   Found in ini file 'C:/Users/Алиса/Documents/Unreal Projects/esath_001/data/Saved/Config/Windows/Engine.ini', in section '[/Script/Engine.RendererSettings]'
[2015.05.17-16.25.48:556][  0]LogConsoleResponse:Warning: Skipping Unknown console variable: 'UIScaleCurve = (EditorCurveData=(Keys=),ExternalCurve=None)'
[2015.05.17-16.25.48:556][  0]LogConsoleResponse:Warning:   Found in ini file 'C:/Users/Алиса/Documents/Unreal Projects/esath_001/data/Saved/Config/Windows/Engine.ini', in section '[/Script/Engine.RendererSettings]'
[2015.05.17-16.25.48:557][  0]LogInit: Selected Device Profile: [Windows]
[2015.05.17-16.25.48:557][  0]LogInit: Applying CVar settings loaded from the selected device profile: [Windows]
[2015.05.17-16.25.48:569][  0]LogInit: Computer: АЛИСА-ПК
[2015.05.17-16.25.48:569][  0]LogInit: User: Алиса
[2015.05.17-16.25.48:569][  0]LogInit: CPU Page size=4096, Cores=2
[2015.05.17-16.25.48:569][  0]LogInit: High frequency timer resolution =2.601582 MHz
[2015.05.17-16.25.48:569][  0]LogMemory: Memory total: Physical=4.0GB (4GB approx) Virtual=8192.0GB
[2015.05.17-16.25.48:569][  0]LogMemory: Platform Memory Stats for Windows
[2015.05.17-16.25.48:569][  0]LogMemory: Process Physical Memory: 46.82 MB used, 46.82 MB peak
[2015.05.17-16.25.48:569][  0]LogMemory: Process Virtual Memory: 23.12 MB used, 23.12 MB peak
[2015.05.17-16.25.48:569][  0]LogMemory: Physical Memory: 1903.61 MB used, 4094.48 MB total
[2015.05.17-16.25.48:569][  0]LogMemory: Virtual Memory: 276.41 MB used, 8388608.00 MB total
[2015.05.17-16.25.49:221][  0]LogD3D11RHI: Found D3D11 adapter 0: NVIDIA GeForce GTX 770 (Feature Level 11_0)
[2015.05.17-16.25.49:221][  0]LogD3D11RHI: Adapter has 1991MB of dedicated video memory, 0MB of dedicated system memory, and 1791MB of shared system memory, 2 output[s]
[2015.05.17-16.25.49:221][  0]LogD3D11RHI: Chosen D3D11 Adapter Id = 0
[2015.05.17-16.25.49:232][  0]LogRHI: Texture pool is 1361 MB (70% of 1945 MB)
[2015.05.17-16.25.49:251][  0]LogD3D11RHI: Async texture creation enabled
[2015.05.17-16.25.50:507][  0]LogTextLocalizationManager: The requested culture ('en_150') has no localization data; falling back to 'en' for localization and internationalization data.
[2015.05.17-16.25.50:645][  0]LogTextLocalizationManager:Warning: Loading localization resources contain conflicting entries for (Namespace:UICommands, Key:Save_ToolTip):
Resource: (C:/oldy/Unreal Engine/4.7/Engine/Content/Localization/Editor/en/Editor.locres) Hash: (-29098895) String: (Saves the current level to disk)
Resource: (C:/oldy/Unreal Engine/4.7/Engine/Content/Localization/Engine/en/Engine.locres) Hash: (-1280300587) String: (Save selected data to vlog file)
[2015.05.17-16.25.50:645][  0]LogTextLocalizationManager:Warning: Loading localization resources contain conflicting entries for (Namespace:ContentBrowser, Key:ImportAssetToolTip):
Resource: (C:/oldy/Unreal Engine/4.7/Engine/Content/Localization/Editor/en/Editor.locres) Hash: (-630476809) String: (Import to {0}...)
Resource: (C:/oldy/Unreal Engine/4.7/Engine/Content/Localization/Editor/en/Editor.locres) Hash: (1271782899) String: (Imports an asset from file to this folder.)
[2015.05.17-16.25.50:779][  0]LogContentStreaming: Texture pool size is 0.000000MB
[2015.05.17-16.26.00:621][  0]LogTargetPlatformManager:Display: Building Assets For Windows
[2015.05.17-16.26.03:543][  0]LogTargetPlatformManager:Display: Building Assets For Windows
[2015.05.17-16.26.03:822][  0]LogDerivedDataCache:Display: Max Cache Size: 512 MB
[2015.05.17-16.26.05:192][  0]LogDerivedDataCache: Loaded boot cache 1.35s 39MB C:/Users/Алиса/AppData/Local/UnrealEngine/4.7/DerivedDataCache/Boot.ddc.
[2015.05.17-16.26.05:192][  0]LogDerivedDataCache:Display: Loaded Boot cache: C:/Users/Алиса/AppData/Local/UnrealEngine/4.7/DerivedDataCache/Boot.ddc
[2015.05.17-16.26.05:192][  0]LogDerivedDataCache: FDerivedDataBackendGraph:  Pak pak cache file ../../../../../../Users/Алиса/Documents/Unreal Projects/esath_001/data/DerivedDataCache/DDC.ddp not found, will not use a pak cache.
[2015.05.17-16.26.05:192][  0]LogDerivedDataCache: Unable to find inner node Pak for hierarchical cache Hierarchy.
[2015.05.17-16.26.05:787][  0]LogDerivedDataCache:Display: Pak cache opened for reading ../../../Engine/DerivedDataCache/Compressed.ddp.
[2015.05.17-16.26.05:800][  0]LogDerivedDataCache: Using Local data cache path C:/Users/Алиса/AppData/Local/UnrealEngine/Common/DerivedDataCache: Writable
[2015.05.17-16.26.17:104][  0]LogMeshUtilities: No automatic mesh reduction module available
[2015.05.17-16.26.17:104][  0]LogMeshUtilities: No automatic mesh merging module available
[2015.05.17-16.26.18:324][  0]LogInit: WinSock: version 1.1 (2.2), MaxSocks=32767, MaxUdp=65467
[2015.05.17-16.26.19:133][  0]LogSlate:Warning: Failed to load font data from '../../../Engine/Content/Slate/Fonts/Roboto-Italic.ttf'
[2015.05.17-16.27.06:257][  0]UdpMessaging: Initializing bridge on interface 0.0.0.0:0 to multicast group 230.0.0.1:6666.
[2015.05.17-16.27.08:940][  0]SourceControl: Info Source control is disabled
[2015.05.17-16.27.08:940][  0]SourceControl: Info Source control is disabled
[2015.05.17-16.27.08:940][  0]SourceControl: Info Source control is disabled
[2015.05.17-16.27.08:940][  0]LogSourceControl: RunCommandInternalRaw: 'git version'
[2015.05.17-16.27.08:941][  0]LogSourceControl: RunCommandInternalRaw: ExecProcess ReturnCode=2 OutResults=''
[2015.05.17-16.27.08:968][  0]SourceControl: Info Source control is disabled
[2015.05.17-16.27.11:640][  0]LogObj: 24232 objects as part of root set at end of initial load.
[2015.05.17-16.27.11:640][  0]LogUObjectAllocator: 5137176 out of 0 bytes used by permanent object pool.
[2015.05.17-16.27.12:057][  0]LogEngine: Initializing Engine...
[2015.05.17-16.27.14:625][  0]LogInit: XAudio2 using 'Multichannel (M-Audio FW 410)' : 2 channels at 44.1 kHz using 32 bits per sample (channel mask 0x3)
[2015.05.17-16.27.14:755][  0]LogInit: FAudioDevice initialized.
[2015.05.17-16.27.14:989][  0]LogAIModule: Creating AISystem for world NewWorld
[2015.05.17-16.27.15:060][  0]LogDerivedDataCache: Saved boot cache 0.07s 39MB C:/Users/Алиса/AppData/Local/UnrealEngine/4.7/DerivedDataCache/Boot.ddc.
[2015.05.17-16.27.15:081][  0]LogInit: Texture streaming: Enabled
[2015.05.17-16.27.15:931][  0]LogAnalytics: Creating configured Analytics provider AnalyticsET
[2015.05.17-16.27.15:931][  0]LogAnalytics: ET APIKey = Rocket.Release. APIServer = http://et2.epicgames.com/ET2/. AppVersion = 4.7.6-2513093+++depot+UE4-Releases+4.7
[2015.05.17-16.27.15:931][  0]LogAnalytics: ET APIKey = Rocket.Release. DataRouterUploadURL = https://datarouter-public-service-gamedev.ol.epicgames.net/datarouter/api/v1/public/data. AppVersion = 4.7.6-2513093+++depot+UE4-Releases+4.7
[2015.05.17-16.27.15:931][  0]LogAnalytics: SetUserId aeef9a164530fe21c7fb8490ca6aef72|abce1f51c3724dbf8931514ab6607584|2a1457f2-9a6c-4613-a88f-c791ec52ccf8
[2015.05.17-16.27.15:932][  0]LogAnalytics: AnalyticsET::StartSession [Rocket.Release]
[2015.05.17-16.27.16:285][  0]LogInit: Transaction tracking system initialized
[2015.05.17-16.27.19:228][  0]BlueprintLog: New page: Editor Load
[2015.05.17-16.27.19:440][  0]LogAssetRegistry: FAssetRegistry took 0.0103 seconds to start up
[2015.05.17-16.27.19:442][  0]LogDirectoryWatcher:Warning: Failed to begin reading directory changes for ../../../Engine/Plugins/Experimental/CharacterAI/Content/. Error: 0
[2015.05.17-16.27.22:973][  0]LogTargetPlatformManager:Display: Building Assets For Windows
[2015.05.17-16.27.23:790][  0]LogTargetPlatformManager:Display: Building Assets For Windows
[2015.05.17-16.27.25:846][  0]LogLinker:Warning: Can't find file '/Game/FirstPersonBP/FirstPersonOverview'
[2015.05.17-16.27.25:846][  0]LogLinker:Warning: Can't find file '/Game/FirstPersonBP/FirstPersonOverview'
[2015.05.17-16.27.25:847][  0]LogUObjectGlobals:Warning: Failed to find object 'Class /Game/FirstPersonBP/FirstPersonOverview.FirstPersonOverview_C'
[2015.05.17-16.27.26:284][  0]LogSlate:Warning: Failed to load font data from '../../../Engine/Content/Editor/Slate/Fonts/Roboto-Regular.ttf'
[2015.05.17-16.27.26:285][  0]LogSlate:Warning: Failed to load font data from '../../../Engine/Content/Editor/Slate/Fonts/Roboto-Bold.ttf'
[2015.05.17-16.27.26:452][  0]LogConsoleResponse:Display: 
[2015.05.17-16.27.27:747][  0]LogCook:Display: Done creating registry. It took  0.00s.
[2015.05.17-16.27.31:244][  0]SourceControl: Info Source control is disabled
[2015.05.17-16.27.31:244][  0]Cmd: MAP LOAD FILE="../../../../../../Users/Алиса/Documents/Unreal Projects/esath_001/data/Content/SuperGrid/Tutorial/TutorialMap.umap" TEMPLATE=0 SHOWPROGRESS=1 FEATURELEVEL=3
[2015.05.17-16.27.31:245][  0]LightingResults: New page: Lighting Build
[2015.05.17-16.27.31:286][  0]MapCheck: New page: Map Check
[2015.05.17-16.27.31:286][  0]LightingResults: New page: Lighting Build
[2015.05.17-16.27.31:312][  0]LogParticles: Destroying 0 GPU particle simulations for FXSystem 0x0000000014AA7B00
[2015.05.17-16.27.41:460][  0]LogEditorServer: Finished looking for orphan Actors (0.000 secs)
[2015.05.17-16.27.41:763][  0]LogAIModule: Creating AISystem for world TutorialMap
[2015.05.17-16.27.41:764][  0]Cmd: MAP CHECKDEP
[2015.05.17-16.27.41:765][  0]MapCheck: New page: TutorialMap - May 18, 2015, 12:27:41 AM
[2015.05.17-16.27.42:064][  0]MapCheck: Info Map check complete: 0 Error(s), 0 Warning(s), took 299.395ms to complete.
[2015.05.17-16.27.42:064][  0]LogFileHelpers: Loading map 'TutorialMap' took 10.821
[2015.05.17-16.27.43:141][  0]LogCrashTracker: Crashtracker disabled due to settings.
[2015.05.17-16.27.43:144][  0]LogSlate:Warning: Failed to load font data from 'Veranda'
[2015.05.17-16.27.43:297][  0]LogCollectionManager: Loaded 2 collections in 0.006765 seconds
[2015.05.17-16.27.43:338][  0]LogContentBrowser: Native class hierarchy populated in 0.0408 seconds. Added 1697 classes and 263 folders.
[2015.05.17-16.27.43:419][  0]LogUObjectGlobals:Warning: Failed to find object 'Class None.'
[2015.05.17-16.27.43:513][  0]LogLoad: Full Startup: 120.27 seconds (BP compile: 2.27 seconds)
[2015.05.17-16.27.43:921][  0]LogContentBrowser:Verbose: The content browser source was changed by the sources view to '/Game/SuperGrid/Source/Meshes'
[2015.05.17-16.27.44:413][  0]LogRenderer:Warning: Reallocating scene render targets to support 32x32 (Frame:2).
[2015.05.17-16.27.44:731][  0]LogRenderer:Warning: Reallocating scene render targets to support 960x904 (Frame:5).
[2015.05.17-16.27.47:518][  9]LogAssetRegistry: Asset discovery search completed in 28.0876 seconds
[2015.05.17-16.28.49:457][ 61]Cmd: CLOSE_SLATE_MAINFRAME
[2015.05.17-16.28.50:331][ 62]Cmd: QUIT_EDITOR
[2015.05.17-16.28.50:750][ 62]LogExit: Preparing to exit.
[2015.05.17-16.28.51:478][ 62]LogExit: Editor shut down
[2015.05.17-16.28.51:480][ 62]LogExit: Transaction tracking system shut down
[2015.05.17-16.28.51:483][ 62]LogParticles: Destroying 0 GPU particle simulations for FXSystem 0x0000000019866020
[2015.05.17-16.28.51:623][ 62]LogParticles: Destroying 0 GPU particle simulations for FXSystem 0x0000000024573740
[2015.05.17-16.28.51:623][ 62]LogParticles: Destroying 0 GPU particle simulations for FXSystem 0x00000000249ADEE0
[2015.05.17-16.28.51:623][ 62]LogParticles: Destroying 0 GPU particle simulations for FXSystem 0x00000000249AD080
[2015.05.17-16.28.51:623][ 62]LogExit: Object subsystem successfully closed.
[2015.05.17-16.28.51:724][ 62]LogModuleManager: Shutting down and abandoning module EditorWidgets (177)
[2015.05.17-16.28.51:724][ 62]LogModuleManager: Shutting down and abandoning module CollectionManager (176)
[2015.05.17-16.28.51:724][ 62]LogModuleManager: Shutting down and abandoning module CrashTracker (175)
[2015.05.17-16.28.51:724][ 62]LogModuleManager: Shutting down and abandoning module SuperSearch (174)
[2015.05.17-16.28.51:724][ 62]LogModuleManager: Shutting down and abandoning module SceneOutliner (173)
[2015.05.17-16.28.51:724][ 62]LogModuleManager: Shutting down and abandoning module StatsViewer (172)
[2015.05.17-16.28.51:724][ 62]LogModuleManager: Shutting down and abandoning module FoliageEdit (171)
[2015.05.17-16.28.51:724][ 62]LogModuleManager: Shutting down and abandoning module LandscapeEditor (170)
[2015.05.17-16.28.51:725][ 62]LogModuleManager: Shutting down and abandoning module MeshPaint (169)
[2015.05.17-16.28.51:725][ 62]LogModuleManager: Shutting down and abandoning module ActorPickerMode (168)
[2015.05.17-16.28.51:725][ 62]LogModuleManager: Shutting down and abandoning module GeometryMode (167)
[2015.05.17-16.28.51:725][ 62]LogModuleManager: Shutting down and abandoning module TextureAlignMode (166)
[2015.05.17-16.28.51:725][ 62]LogModuleManager: Shutting down and abandoning module BspMode (165)
[2015.05.17-16.28.51:725][ 62]LogModuleManager: Shutting down and abandoning module PlacementMode (164)
[2015.05.17-16.28.51:725][ 62]LogModuleManager: Shutting down and abandoning module AutomationWorker (163)
[2015.05.17-16.28.51:725][ 62]LogModuleManager: Shutting down and abandoning module CharacterAI (162)
[2015.05.17-16.28.51:725][ 62]LogModuleManager: Shutting down and abandoning module SmartSnapping (161)
[2015.05.17-16.28.51:725][ 62]LogModuleManager: Shutting down and abandoning module ViewportSnapping (160)
[2015.05.17-16.28.51:725][ 62]LogModuleManager: Shutting down and abandoning module LogVisualizer (159)
[2015.05.17-16.28.51:725][ 62]LogModuleManager: Shutting down and abandoning module GameProjectGeneration (158)
[2015.05.17-16.28.51:725][ 62]LogModuleManager: Shutting down and abandoning module IntroTutorials (157)
[2015.05.17-16.28.51:725][ 62]LogModuleManager: Shutting down and abandoning module EditorLiveStreaming (156)
[2015.05.17-16.28.51:725][ 62]LogModuleManager: Shutting down and abandoning module HardwareTargeting (155)
[2015.05.17-16.28.51:725][ 62]LogModuleManager: Shutting down and abandoning module DeviceProfileEditor (154)
[2015.05.17-16.28.51:725][ 62]LogModuleManager: Shutting down and abandoning module UndoHistory (153)
[2015.05.17-16.28.51:725][ 62]LogModuleManager: Shutting down and abandoning module GameplayTagsEditor (152)
[2015.05.17-16.28.51:725][ 62]LogModuleManager: Shutting down and abandoning module UserFeedback (151)
[2015.05.17-16.28.51:725][ 62]LogModuleManager: Shutting down and abandoning module XmlParser (150)
[2015.05.17-16.28.51:725][ 62]LogModuleManager: Shutting down and abandoning module Blutility (149)
[2015.05.17-16.28.51:725][ 62]LogModuleManager: Shutting down and abandoning module IOSPlatformEditor (148)
[2015.05.17-16.28.51:725][ 62]LogModuleManager: Shutting down and abandoning module IOSRuntimeSettings (147)
[2015.05.17-16.28.51:725][ 62]LogModuleManager: Shutting down and abandoning module AndroidDeviceDetection (146)
[2015.05.17-16.28.52:276][ 62]LogModuleManager: Shutting down and abandoning module AndroidPlatformEditor (145)
[2015.05.17-16.28.52:276][ 62]LogModuleManager: Shutting down and abandoning module AndroidRuntimeSettings (144)
[2015.05.17-16.28.52:276][ 62]LogModuleManager: Shutting down and abandoning module ProjectTargetPlatformEditor (143)
[2015.05.17-16.28.52:276][ 62]LogModuleManager: Shutting down and abandoning module ProjectSettingsViewer (142)
[2015.05.17-16.28.52:276][ 62]LogModuleManager: Shutting down and abandoning module InputBindingEditor (141)
[2015.05.17-16.28.52:276][ 62]LogModuleManager: Shutting down and abandoning module EditorSettingsViewer (140)
[2015.05.17-16.28.52:276][ 62]LogModuleManager: Shutting down and abandoning module SettingsEditor (139)
[2015.05.17-16.28.52:276][ 62]LogModuleManager: Shutting down and abandoning module ProjectLauncher (138)
[2015.05.17-16.28.52:276][ 62]LogModuleManager: Shutting down and abandoning module SessionFrontend (137)
[2015.05.17-16.28.52:276][ 62]LogModuleManager: Shutting down and abandoning module ProfilerClient (136)
[2015.05.17-16.28.52:277][ 62]LogModuleManager: Shutting down and abandoning module TargetDeviceServices (135)
[2015.05.17-16.28.52:277][ 62]LogModuleManager: Shutting down and abandoning module DeviceManager (134)
[2015.05.17-16.28.52:277][ 62]LogModuleManager: Shutting down and abandoning module AutomationController (133)
[2015.05.17-16.28.52:277][ 62]LogModuleManager: Shutting down and abandoning module AutomationWindow (132)
[2015.05.17-16.28.52:277][ 62]LogModuleManager: Shutting down and abandoning module Layers (131)
[2015.05.17-16.28.52:277][ 62]LogModuleManager: Shutting down and abandoning module ComponentVisualizers (130)
[2015.05.17-16.28.52:277][ 62]LogModuleManager: Shutting down and abandoning module DetailCustomizations (129)
[2015.05.17-16.28.52:277][ 62]LogModuleManager: Shutting down and abandoning module PackagesDialog (128)
[2015.05.17-16.28.52:277][ 62]LogModuleManager: Shutting down and abandoning module AssetRegistry (127)
[2015.05.17-16.28.52:410][ 62]LogModuleManager: Shutting down and abandoning module Persona (126)
[2015.05.17-16.28.52:410][ 62]LogModuleManager: Shutting down and abandoning module SlateReflector (125)
[2015.05.17-16.28.52:410][ 62]LogModuleManager: Shutting down and abandoning module LevelEditor (124)
[2015.05.17-16.28.52:411][ 62]LogModuleManager: Shutting down and abandoning module Kismet (123)
[2015.05.17-16.28.52:411][ 62]LogModuleManager: Shutting down and abandoning module GraphEditor (122)
[2015.05.17-16.28.52:411][ 62]LogModuleManager: Shutting down and abandoning module ClassViewer (121)
[2015.05.17-16.28.52:411][ 62]LogModuleManager: Shutting down and abandoning module Toolbox (120)
[2015.05.17-16.28.52:411][ 62]LogModuleManager: Shutting down and abandoning module ModuleUI (119)
[2015.05.17-16.28.52:411][ 62]LogModuleManager: Shutting down and abandoning module MovieSceneTools (118)
[2015.05.17-16.28.52:411][ 62]LogModuleManager: Shutting down and abandoning module OutputLog (117)
[2015.05.17-16.28.52:412][ 62]LogModuleManager: Shutting down and abandoning module GammaUI (116)
[2015.05.17-16.28.52:412][ 62]LogModuleManager: Shutting down and abandoning module Documentation (115)
[2015.05.17-16.28.52:412][ 62]LogModuleManager: Shutting down and abandoning module GameLiveStreaming (114)
[2015.05.17-16.28.52:412][ 62]LogModuleManager: Shutting down and abandoning module StreamingPauseRendering (113)
[2015.05.17-16.28.52:412][ 62]LogModuleManager: Shutting down and abandoning module HTTP (112)
[2015.05.17-16.28.52:412][ 62]LogModuleManager: Shutting down and abandoning module AnalyticsET (111)
[2015.05.17-16.28.52:412][ 62]LogModuleManager: Shutting down and abandoning module Analytics (110)
[2015.05.17-16.28.52:412][ 62]LogModuleManager: Shutting down and abandoning module AITestSuite (109)
[2015.05.17-16.28.52:412][ 62]LogModuleManager: Shutting down and abandoning module GameplayDebugger (108)
[2015.05.17-16.28.52:412][ 62]LogModuleManager: Shutting down and abandoning module AIModule (107)
[2015.05.17-16.28.52:412][ 62]LogModuleManager: Shutting down and abandoning module ProfilerService (106)
[2015.05.17-16.28.52:415][ 62]LogModuleManager: Shutting down and abandoning module TaskGraph (105)
[2015.05.17-16.28.52:415][ 62]LogModuleManager: Shutting down and abandoning module SlateRemote (104)
[2015.05.17-16.28.52:415][ 62]LogModuleManager: Shutting down and abandoning module ScriptEditorPlugin (103)
[2015.05.17-16.28.52:415][ 62]LogModuleManager: Shutting down and abandoning module CustomMeshComponent (102)
[2015.05.17-16.28.52:415][ 62]LogModuleManager: Shutting down and abandoning module CableComponent (101)
[2015.05.17-16.28.52:415][ 62]LogModuleManager: Shutting down and abandoning module MessagingDebugger (100)
[2015.05.17-16.28.52:415][ 62]LogModuleManager: Shutting down and abandoning module MediaPlayerEditor (99)
[2015.05.17-16.28.52:415][ 62]LogModuleManager: Shutting down and abandoning module SpeedTreeImporter (98)
[2015.05.17-16.28.52:415][ 62]LogModuleManager: Shutting down and abandoning module PluginsEditor (97)
[2015.05.17-16.28.52:415][ 62]LogModuleManager: Shutting down and abandoning module MainFrame (96)
[2015.05.17-16.28.52:415][ 62]LogModuleManager: Shutting down and abandoning module EpicSurvey (95)
[2015.05.17-16.28.52:415][ 62]LogModuleManager: Shutting down and abandoning module DesktopPlatform (94)
[2015.05.17-16.28.52:415][ 62]LogModuleManager: Shutting down and abandoning module DirectoryWatcher (93)
[2015.05.17-16.28.52:416][ 62]LogModuleManager: Shutting down and abandoning module HotReload (92)
[2015.05.17-16.28.52:416][ 62]LogModuleManager: Shutting down and abandoning module VisualStudioSourceCodeAccess (91)
[2015.05.17-16.28.52:416][ 62]LogModuleManager: Shutting down and abandoning module UObjectPlugin (90)
[2015.05.17-16.28.52:416][ 62]LogModuleManager: Shutting down and abandoning module SubversionSourceControl (89)
[2015.05.17-16.28.52:416][ 62]LogModuleManager: Shutting down and abandoning module PerforceSourceControl (88)
[2015.05.17-16.28.52:416][ 62]LogModuleManager: Shutting down and abandoning module SourceControl (87)
[2015.05.17-16.28.52:416][ 62]LogModuleManager: Shutting down and abandoning module GitSourceControl (86)
[2015.05.17-16.28.52:416][ 62]LogModuleManager: Shutting down and abandoning module BlankPlugin (85)
[2015.05.17-16.28.52:416][ 62]LogModuleManager: Shutting down and abandoning module PaperTiledImporter (84)
[2015.05.17-16.28.52:416][ 62]LogModuleManager: Shutting down and abandoning module PaperJsonImporter (83)
[2015.05.17-16.28.52:416][ 62]LogModuleManager: Shutting down and abandoning module ContentBrowser (82)
[2015.05.17-16.28.52:417][ 62]LogModuleManager: Shutting down and abandoning module Paper2DEditor (81)
[2015.05.17-16.28.52:418][ 62]LogModuleManager: Shutting down and abandoning module ScriptPlugin (80)
[2015.05.17-16.28.52:418][ 62]LogModuleManager: Shutting down and abandoning module UdpMessaging (79)
[2015.05.17-16.28.52:518][ 62]LogModuleManager: Shutting down and abandoning module Paper2D (78)
[2015.05.17-16.28.52:518][ 62]LogModuleManager: Shutting down and abandoning module WindowsMoviePlayer (77)
[2015.05.17-16.28.52:524][ 62]LogModuleManager: Shutting down and abandoning module Media (76)
[2015.05.17-16.28.52:524][ 62]LogModuleManager: Shutting down and abandoning module WmfMedia (75)
[2015.05.17-16.28.52:528][ 62]LogModuleManager: Shutting down and abandoning module OnlineBlueprintSupport (74)
[2015.05.17-16.28.52:528][ 62]LogModuleManager: Shutting down and abandoning module PropertyEditor (73)
[2015.05.17-16.28.52:528][ 62]LogModuleManager: Shutting down and abandoning module BehaviorTreeEditor (72)
[2015.05.17-16.28.52:528][ 62]LogModuleManager: Shutting down and abandoning module FunctionalTesting (71)
[2015.05.17-16.28.52:528][ 62]LogModuleManager: Shutting down and abandoning module CollisionAnalyzer (70)
[2015.05.17-16.28.52:528][ 62]LogModuleManager: Shutting down and abandoning module WorkspaceMenuStructure (69)
[2015.05.17-16.28.52:528][ 62]LogModuleManager: Shutting down and abandoning module MessageLog (68)
[2015.05.17-16.28.52:528][ 62]LogModuleManager: Shutting down and abandoning module Sequencer (67)
[2015.05.17-16.28.52:528][ 62]LogModuleManager: Shutting down and abandoning module AssetTools (66)
[2015.05.17-16.28.52:528][ 62]LogModuleManager: Shutting down and abandoning module UMGEditor (65)
[2015.05.17-16.28.52:528][ 62]LogModuleManager: Shutting down and abandoning module UMG (64)
[2015.05.17-16.28.52:528][ 62]LogModuleManager: Shutting down and abandoning module Slate (63)
[2015.05.17-16.28.52:529][ 62]LogModuleManager: Shutting down and abandoning module EditorStyle (62)
[2015.05.17-16.28.52:543][ 62]LogModuleManager: Shutting down and abandoning module SessionServices (61)
[2015.05.17-16.28.52:543][ 62]LogModuleManager: Shutting down and abandoning module SourceCodeAccess (60)
[2015.05.17-16.28.52:543][ 62]LogModuleManager: Shutting down and abandoning module HeadMountedDisplay (59)
[2015.05.17-16.28.52:543][ 62]LogModuleManager: Shutting down and abandoning module XAudio2 (58)
[2015.05.17-16.28.52:543][ 62]LogModuleManager: Shutting down and abandoning module Networking (56)
[2015.05.17-16.28.52:543][ 62]LogModuleManager: Shutting down and abandoning module Core (55)
[2015.05.17-16.28.52:543][ 62]LogModuleManager: Shutting down and abandoning module KismetCompiler (54)
[2015.05.17-16.28.52:543][ 62]LogModuleManager: Shutting down and abandoning module PhysXFormats (53)
[2015.05.17-16.28.52:543][ 62]LogModuleManager: Shutting down and abandoning module MeshUtilities (52)
[2015.05.17-16.28.52:543][ 62]LogModuleManager: Shutting down and abandoning module DerivedDataCache (51)
[2015.05.17-16.28.52:608][ 62]LogDerivedDataCache: Shutdown
[2015.05.17-16.28.52:608][ 62]LogModuleManager: Shutting down and abandoning module ShaderFormatOpenGL (50)
[2015.05.17-16.28.52:608][ 62]LogModuleManager: Shutting down and abandoning module ShaderFormatD3D (49)
[2015.05.17-16.28.52:608][ 62]LogModuleManager: Shutting down and abandoning module MetalShaderFormat (48)
[2015.05.17-16.28.52:608][ 62]LogModuleManager: Shutting down and abandoning module TextureFormatUncompressed (47)
[2015.05.17-16.28.52:608][ 62]LogModuleManager: Shutting down and abandoning module TextureFormatPVR (46)
[2015.05.17-16.28.52:608][ 62]LogModuleManager: Shutting down and abandoning module TextureFormatIntelISPCTexComp (45)
[2015.05.17-16.28.52:608][ 62]LogModuleManager: Shutting down and abandoning module TextureFormatDXT (44)
[2015.05.17-16.28.52:608][ 62]LogModuleManager: Shutting down and abandoning module ImageWrapper (43)
[2015.05.17-16.28.52:608][ 62]LogModuleManager: Shutting down and abandoning module TextureFormatASTC (42)
[2015.05.17-16.28.52:608][ 62]LogModuleManager: Shutting down and abandoning module TextureFormatAndroid (41)
[2015.05.17-16.28.52:608][ 62]LogModuleManager: Shutting down and abandoning module AudioFormatOpus (40)
[2015.05.17-16.28.52:608][ 62]LogModuleManager: Shutting down and abandoning module AudioFormatOgg (39)
[2015.05.17-16.28.52:608][ 62]LogModuleManager: Shutting down and abandoning module AudioFormatADPCM (38)
[2015.05.17-16.28.52:608][ 62]LogModuleManager: Shutting down and abandoning module LinuxTargetPlatform (37)
[2015.05.17-16.28.52:608][ 62]LogModuleManager: Shutting down and abandoning module LinuxServerTargetPlatform (36)
[2015.05.17-16.28.52:608][ 62]LogModuleManager: Shutting down and abandoning module LinuxNoEditorTargetPlatform (35)
[2015.05.17-16.28.52:608][ 62]LogModuleManager: Shutting down and abandoning module Messaging (34)
[2015.05.17-16.28.52:608][ 62]LogModuleManager: Shutting down and abandoning module IOSTargetPlatform (33)
[2015.05.17-16.28.52:608][ 62]LogModuleManager: Shutting down and abandoning module HTML5TargetPlatform (32)
[2015.05.17-16.28.52:608][ 62]LogModuleManager: Shutting down and abandoning module Android_PVRTCTargetPlatform (31)
[2015.05.17-16.28.52:608][ 62]LogModuleManager: Shutting down and abandoning module Android_ETC2TargetPlatform (30)
[2015.05.17-16.28.52:608][ 62]LogModuleManager: Shutting down and abandoning module Android_ETC1TargetPlatform (29)
[2015.05.17-16.28.52:608][ 62]LogModuleManager: Shutting down and abandoning module Android_ES31TargetPlatform (28)
[2015.05.17-16.28.52:608][ 62]LogModuleManager: Shutting down and abandoning module Android_DXTTargetPlatform (27)
[2015.05.17-16.28.52:608][ 62]LogModuleManager: Shutting down and abandoning module Android_ATCTargetPlatform (26)
[2015.05.17-16.28.52:608][ 62]LogModuleManager: Shutting down and abandoning module AndroidTargetPlatform (25)
[2015.05.17-16.28.52:608][ 62]LogModuleManager: Shutting down and abandoning module WindowsTargetPlatform (24)
[2015.05.17-16.28.52:608][ 62]LogModuleManager: Shutting down and abandoning module WindowsServerTargetPlatform (23)
[2015.05.17-16.28.52:608][ 62]LogModuleManager: Shutting down and abandoning module WindowsNoEditorTargetPlatform (22)
[2015.05.17-16.28.52:608][ 62]LogModuleManager: Shutting down and abandoning module WindowsClientTargetPlatform (21)
[2015.05.17-16.28.52:608][ 62]LogModuleManager: Shutting down and abandoning module TargetPlatform (20)
[2015.05.17-16.28.52:608][ 62]LogModuleManager: Shutting down and abandoning module InputCore (19)
[2015.05.17-16.28.52:608][ 62]LogModuleManager: Shutting down and abandoning module Settings (18)
[2015.05.17-16.28.52:609][ 62]LogModuleManager: Shutting down and abandoning module OnlineSubsystem (16)
[2015.05.17-16.28.52:609][ 62]LogModuleManager: Shutting down and abandoning module OculusRift (15)
[2015.05.17-16.28.52:609][ 62]LogModuleManager: Shutting down and abandoning module ExampleDeviceProfileSelector (14)
[2015.05.17-16.28.52:609][ 62]LogModuleManager: Shutting down and abandoning module TextureCompressor (13)
[2015.05.17-16.28.52:609][ 62]LogModuleManager: Shutting down and abandoning module ShaderCore (12)
[2015.05.17-16.28.52:609][ 62]LogModuleManager: Shutting down and abandoning module Landscape (11)
[2015.05.17-16.28.52:609][ 62]LogModuleManager: Shutting down and abandoning module SlateRHIRenderer (10)
[2015.05.17-16.28.52:615][ 62]LogModuleManager: Shutting down and abandoning module OpenGLDrv (9)
[2015.05.17-16.28.52:615][ 62]LogModuleManager: Shutting down and abandoning module D3D11RHI (8)
[2015.05.17-16.28.52:615][ 62]LogModuleManager: Shutting down and abandoning module Renderer (7)
[2015.05.17-16.28.52:615][ 62]LogModuleManager: Shutting down and abandoning module Engine (6)
[2015.05.17-16.28.52:615][ 62]LogModuleManager: Shutting down and abandoning module CoreUObject (5)
[2015.05.17-16.28.52:615][ 62]LogModuleManager: Shutting down and abandoning module NetworkFile (4)
[2015.05.17-16.28.52:616][ 62]LogModuleManager: Shutting down and abandoning module StreamingFile (3)
[2015.05.17-16.28.52:616][ 62]LogModuleManager: Shutting down and abandoning module SandboxFile (2)
[2015.05.17-16.28.52:616][ 62]LogModuleManager: Shutting down and abandoning module PakFile (1)
[2015.05.17-16.28.52:617][ 62]LogExit: Exiting.
[2015.05.17-16.28.52:629][ 62]Log file closed, 05/17/15 20:28:52
