Log file open, 05/14/15 12:29:34
LogInit:Display: Running engine for game: SuperGrid
LogInit: Version: 4.7.6-2513093+++depot+UE4-Releases+4.7
LogInit: API Version: 2455222
LogInit: Compiled (64-bit): Apr 15 2015 12:09:54
LogInit: Compiled with Visual C++: 18.00.21005.01
LogInit: Build Configuration: Development
LogInit: Branch Name: ++depot+UE4-Releases+4.7
LogInit: Command line:  
LogInit: Base directory: C:/oldy/Unreal Engine/4.7/Engine/Binaries/Win64/
LogInit: Rocket: 1
[2015.05.14-08.29.34:220][  0]LogTaskGraph: Started task graph with 3 named threads and 4 total threads.
[2015.05.14-08.29.34:274][  0]LogOnline:Warning: No default platform service specified for OnlineSubsystem
[2015.05.14-08.29.34:493][  0]LogInit: Presizing for 0 objects not considered by GC, pre-allocating 0 bytes.
[2015.05.14-08.29.34:508][  0]LogInit: Object subsystem initialized
[2015.05.14-08.29.34:511][  0]LogConsoleResponse:Warning: Skipping Unknown console variable: 'TranslucentSortAxis = (X=0.000000,Y=-1.000000,Z=0.000000)'
[2015.05.14-08.29.34:511][  0]LogConsoleResponse:Warning:   Found in ini file 'C:/Users/Алиса/Documents/Unreal Projects/SuperGrid/data/Saved/Config/Windows/Engine.ini', in section '[/Script/Engine.RendererSettings]'
[2015.05.14-08.29.34:511][  0]LogConsoleResponse:Warning: Skipping Unknown console variable: 'UIScaleRule = ShortestSide'
[2015.05.14-08.29.34:511][  0]LogConsoleResponse:Warning:   Found in ini file 'C:/Users/Алиса/Documents/Unreal Projects/SuperGrid/data/Saved/Config/Windows/Engine.ini', in section '[/Script/Engine.RendererSettings]'
[2015.05.14-08.29.34:511][  0]LogConsoleResponse:Warning: Skipping Unknown console variable: 'UIScaleCurve = (EditorCurveData=(Keys=),ExternalCurve=None)'
[2015.05.14-08.29.34:511][  0]LogConsoleResponse:Warning:   Found in ini file 'C:/Users/Алиса/Documents/Unreal Projects/SuperGrid/data/Saved/Config/Windows/Engine.ini', in section '[/Script/Engine.RendererSettings]'
[2015.05.14-08.29.34:511][  0]LogInit: Selected Device Profile: [Windows]
[2015.05.14-08.29.34:511][  0]LogInit: Applying CVar settings loaded from the selected device profile: [Windows]
[2015.05.14-08.29.34:589][  0]LogInit: Computer: АЛИСА-ПК
[2015.05.14-08.29.34:589][  0]LogInit: User: Алиса
[2015.05.14-08.29.34:589][  0]LogInit: CPU Page size=4096, Cores=2
[2015.05.14-08.29.34:589][  0]LogInit: High frequency timer resolution =2.601582 MHz
[2015.05.14-08.29.34:589][  0]LogMemory: Memory total: Physical=4.0GB (4GB approx) Virtual=8192.0GB
[2015.05.14-08.29.34:590][  0]LogMemory: Platform Memory Stats for Windows
[2015.05.14-08.29.34:590][  0]LogMemory: Process Physical Memory: 46.73 MB used, 46.73 MB peak
[2015.05.14-08.29.34:590][  0]LogMemory: Process Virtual Memory: 23.04 MB used, 23.04 MB peak
[2015.05.14-08.29.34:590][  0]LogMemory: Physical Memory: 1889.37 MB used, 4094.48 MB total
[2015.05.14-08.29.34:590][  0]LogMemory: Virtual Memory: 276.41 MB used, 8388608.00 MB total
[2015.05.14-08.29.34:858][  0]LogD3D11RHI: Found D3D11 adapter 0: NVIDIA GeForce GTX 770 (Feature Level 11_0)
[2015.05.14-08.29.34:858][  0]LogD3D11RHI: Adapter has 1991MB of dedicated video memory, 0MB of dedicated system memory, and 1791MB of shared system memory, 2 output[s]
[2015.05.14-08.29.34:858][  0]LogD3D11RHI: Chosen D3D11 Adapter Id = 0
[2015.05.14-08.29.34:869][  0]LogRHI: Texture pool is 1361 MB (70% of 1945 MB)
[2015.05.14-08.29.34:887][  0]LogD3D11RHI: Async texture creation enabled
[2015.05.14-08.29.38:231][  0]LogTextLocalizationManager: The requested culture ('en_150') has no localization data; falling back to 'en' for localization and internationalization data.
[2015.05.14-08.29.38:711][  0]LogTextLocalizationManager:Warning: Loading localization resources contain conflicting entries for (Namespace:UICommands, Key:Save_ToolTip):
Resource: (C:/oldy/Unreal Engine/4.7/Engine/Content/Localization/Editor/en/Editor.locres) Hash: (-29098895) String: (Saves the current level to disk)
Resource: (C:/oldy/Unreal Engine/4.7/Engine/Content/Localization/Engine/en/Engine.locres) Hash: (-1280300587) String: (Save selected data to vlog file)
[2015.05.14-08.29.38:711][  0]LogTextLocalizationManager:Warning: Loading localization resources contain conflicting entries for (Namespace:ContentBrowser, Key:ImportAssetToolTip):
Resource: (C:/oldy/Unreal Engine/4.7/Engine/Content/Localization/Editor/en/Editor.locres) Hash: (-630476809) String: (Import to {0}...)
Resource: (C:/oldy/Unreal Engine/4.7/Engine/Content/Localization/Editor/en/Editor.locres) Hash: (1271782899) String: (Imports an asset from file to this folder.)
[2015.05.14-08.29.38:848][  0]LogContentStreaming: Texture pool size is 0.000000MB
[2015.05.14-08.29.51:364][  0]LogTargetPlatformManager:Display: Building Assets For Windows
[2015.05.14-08.29.53:624][  0]LogTargetPlatformManager:Display: Building Assets For Windows
[2015.05.14-08.29.53:830][  0]LogDerivedDataCache:Display: Max Cache Size: 512 MB
[2015.05.14-08.29.54:868][  0]LogDerivedDataCache: Loaded boot cache 1.00s 39MB C:/Users/Алиса/AppData/Local/UnrealEngine/4.7/DerivedDataCache/Boot.ddc.
[2015.05.14-08.29.54:868][  0]LogDerivedDataCache:Display: Loaded Boot cache: C:/Users/Алиса/AppData/Local/UnrealEngine/4.7/DerivedDataCache/Boot.ddc
[2015.05.14-08.29.54:868][  0]LogDerivedDataCache: FDerivedDataBackendGraph:  Pak pak cache file ../../../../../../Users/Алиса/Documents/Unreal Projects/SuperGrid/data/DerivedDataCache/DDC.ddp not found, will not use a pak cache.
[2015.05.14-08.29.54:868][  0]LogDerivedDataCache: Unable to find inner node Pak for hierarchical cache Hierarchy.
[2015.05.14-08.29.55:145][  0]LogDerivedDataCache:Display: Pak cache opened for reading ../../../Engine/DerivedDataCache/Compressed.ddp.
[2015.05.14-08.29.55:158][  0]LogDerivedDataCache: Using Local data cache path C:/Users/Алиса/AppData/Local/UnrealEngine/Common/DerivedDataCache: Writable
[2015.05.14-08.30.07:208][  0]LogMeshUtilities: No automatic mesh reduction module available
[2015.05.14-08.30.07:208][  0]LogMeshUtilities: No automatic mesh merging module available
[2015.05.14-08.30.11:270][  0]LogInit: WinSock: version 1.1 (2.2), MaxSocks=32767, MaxUdp=65467
[2015.05.14-08.30.11:930][  0]LogSlate:Warning: Failed to load font data from '../../../Engine/Content/Slate/Fonts/Roboto-Italic.ttf'
[2015.05.14-08.31.12:413][  0]UdpMessaging: Initializing bridge on interface 0.0.0.0:0 to multicast group 230.0.0.1:6666.
[2015.05.14-08.31.14:036][  0]SourceControl: Info Source control is disabled
[2015.05.14-08.31.14:036][  0]SourceControl: Info Source control is disabled
[2015.05.14-08.31.14:036][  0]SourceControl: Info Source control is disabled
[2015.05.14-08.31.14:036][  0]LogSourceControl: RunCommandInternalRaw: 'git version'
[2015.05.14-08.31.14:036][  0]LogSourceControl: RunCommandInternalRaw: ExecProcess ReturnCode=2 OutResults=''
[2015.05.14-08.31.14:066][  0]SourceControl: Info Source control is disabled
[2015.05.14-08.31.16:057][  0]LogObj: 24232 objects as part of root set at end of initial load.
[2015.05.14-08.31.16:057][  0]LogUObjectAllocator: 5137176 out of 0 bytes used by permanent object pool.
[2015.05.14-08.31.16:460][  0]LogEngine: Initializing Engine...
[2015.05.14-08.31.20:841][  0]LogInit: XAudio2 using 'Multichannel (M-Audio FW 410)' : 2 channels at 44.1 kHz using 32 bits per sample (channel mask 0x3)
[2015.05.14-08.31.21:075][  0]LogInit: FAudioDevice initialized.
[2015.05.14-08.31.21:253][  0]LogAIModule: Creating AISystem for world NewWorld
[2015.05.14-08.31.21:312][  0]LogDerivedDataCache: Saved boot cache 0.06s 39MB C:/Users/Алиса/AppData/Local/UnrealEngine/4.7/DerivedDataCache/Boot.ddc.
[2015.05.14-08.31.21:334][  0]LogInit: Texture streaming: Enabled
[2015.05.14-08.31.22:627][  0]LogAnalytics: Creating configured Analytics provider AnalyticsET
[2015.05.14-08.31.22:627][  0]LogAnalytics: ET APIKey = Rocket.Release. APIServer = http://et2.epicgames.com/ET2/. AppVersion = 4.7.6-2513093+++depot+UE4-Releases+4.7
[2015.05.14-08.31.22:627][  0]LogAnalytics: ET APIKey = Rocket.Release. DataRouterUploadURL = https://datarouter-public-service-gamedev.ol.epicgames.net/datarouter/api/v1/public/data. AppVersion = 4.7.6-2513093+++depot+UE4-Releases+4.7
[2015.05.14-08.31.22:627][  0]LogAnalytics: SetUserId aeef9a164530fe21c7fb8490ca6aef72|abce1f51c3724dbf8931514ab6607584|2a1457f2-9a6c-4613-a88f-c791ec52ccf8
[2015.05.14-08.31.22:628][  0]LogAnalytics: AnalyticsET::StartSession [Rocket.Release]
[2015.05.14-08.31.22:818][  0]LogInit: Transaction tracking system initialized
[2015.05.14-08.31.24:274][  0]BlueprintLog: New page: Editor Load
[2015.05.14-08.31.24:457][  0]LogAssetRegistry: FAssetRegistry took 0.0096 seconds to start up
[2015.05.14-08.31.24:459][  0]LogDirectoryWatcher:Warning: Failed to begin reading directory changes for ../../../Engine/Plugins/Experimental/CharacterAI/Content/. Error: 0
[2015.05.14-08.31.28:798][  0]LogTargetPlatformManager:Display: Building Assets For Windows
[2015.05.14-08.31.29:686][  0]LogTargetPlatformManager:Display: Building Assets For Windows
[2015.05.14-08.31.31:741][  0]LogLinker:Warning: Can't find file '/Game/FirstPersonBP/FirstPersonOverview'
[2015.05.14-08.31.31:741][  0]LogLinker:Warning: Can't find file '/Game/FirstPersonBP/FirstPersonOverview'
[2015.05.14-08.31.31:742][  0]LogUObjectGlobals:Warning: Failed to find object 'Class /Game/FirstPersonBP/FirstPersonOverview.FirstPersonOverview_C'
[2015.05.14-08.31.32:004][  0]LogSlate:Warning: Failed to load font data from '../../../Engine/Content/Editor/Slate/Fonts/Roboto-Regular.ttf'
[2015.05.14-08.31.32:006][  0]LogSlate:Warning: Failed to load font data from '../../../Engine/Content/Editor/Slate/Fonts/Roboto-Bold.ttf'
[2015.05.14-08.31.32:212][  0]LogConsoleResponse:Display: 
[2015.05.14-08.31.37:295][  0]LogCook:Display: Done creating registry. It took  0.00s.
[2015.05.14-08.31.40:373][  0]SourceControl: Info Source control is disabled
[2015.05.14-08.31.40:373][  0]Cmd: MAP LOAD FILE="../../../../../../Users/Алиса/Documents/Unreal Projects/SuperGrid/data/Content/SuperGrid/Tutorial/TutorialMap.umap" TEMPLATE=0 SHOWPROGRESS=1 FEATURELEVEL=3
[2015.05.14-08.31.40:375][  0]LightingResults: New page: Lighting Build
[2015.05.14-08.31.40:419][  0]MapCheck: New page: Map Check
[2015.05.14-08.31.40:419][  0]LightingResults: New page: Lighting Build
[2015.05.14-08.31.41:032][  0]LogParticles: Destroying 0 GPU particle simulations for FXSystem 0x0000000005C6A980
[2015.05.14-08.32.22:252][  0]LogEditorServer: Finished looking for orphan Actors (0.000 secs)
[2015.05.14-08.32.23:337][  0]LogAIModule: Creating AISystem for world TutorialMap
[2015.05.14-08.32.23:339][  0]Cmd: MAP CHECKDEP
[2015.05.14-08.32.23:339][  0]MapCheck: New page: TutorialMap - May 14, 2015, 4:32:23 PM
[2015.05.14-08.32.23:766][  0]MapCheck: Info Map check complete: 0 Error(s), 0 Warning(s), took 426.885ms to complete.
[2015.05.14-08.32.23:766][  0]LogFileHelpers: Loading map 'TutorialMap' took 43.393
[2015.05.14-08.32.24:146][  0]LogCollectionManager: Loaded 2 collections in 0.035538 seconds
[2015.05.14-08.32.24:172][  0]LogContentBrowser: Native class hierarchy populated in 0.0260 seconds. Added 1696 classes and 261 folders.
[2015.05.14-08.32.24:630][  0]LogContentBrowser: Native class hierarchy updated for 'SceneOutliner' in 0.0078 seconds. Added 1 classes and 2 folders.
[2015.05.14-08.32.25:083][  0]LogCrashTracker: Crashtracker disabled due to settings.
[2015.05.14-08.32.25:085][  0]LogSlate:Warning: Failed to load font data from 'Veranda'
[2015.05.14-08.32.25:095][  0]LogUObjectGlobals:Warning: Failed to find object 'Class None.'
[2015.05.14-08.32.25:136][  0]LogLoad: Full Startup: 177.96 seconds (BP compile: 5.01 seconds)
[2015.05.14-08.32.25:545][  0]LogContentBrowser:Verbose: The content browser source was changed by the sources view to '/Game/SuperGrid/Tutorial/SoundEffects'
[2015.05.14-08.32.27:023][  0]LogRenderer:Warning: Reallocating scene render targets to support 32x32 (Frame:2).
[2015.05.14-08.32.27:562][  0]LogRenderer:Warning: Reallocating scene render targets to support 960x904 (Frame:6).
[2015.05.14-08.32.30:179][  8]LogAssetRegistry: Asset discovery search completed in 65.7332 seconds
[2015.05.14-08.34.00:400][270]LogPlayLevel: PIE:  No blueprints needed recompiling
[2015.05.14-08.34.00:400][270]PIE: New page: PIE session: TutorialMap (May 14, 2015, 4:34:00 PM)
[2015.05.14-08.34.00:699][270]LogPlayLevel: PIE: StaticDuplicateObject took: (0.297826s)
[2015.05.14-08.34.00:701][270]LogPlayLevel: PIE: World Init took: (0.001807s)
[2015.05.14-08.34.00:702][270]LogPlayLevel: PIE: Created PIE world by copying editor world from /Game/SuperGrid/Tutorial/TutorialMap.TutorialMap to /Game/SuperGrid/Tutorial/UEDPIE_0_TutorialMap.TutorialMap (0.300321s)
[2015.05.14-08.34.00:854][270]LogWorld: Game class is 'FirstPersonGameMode_C'
[2015.05.14-08.34.00:859][270]LogAIModule: Creating AISystem for world TutorialMap
[2015.05.14-08.34.01:161][270]LogWorld: Bringing World /Game/SuperGrid/Tutorial/UEDPIE_0_TutorialMap.TutorialMap up for play (max tick rate 0) at 2015.05.14-12.34.01
[2015.05.14-08.34.01:204][270]LogWorld: Bringing up level for play took: 0.343908
[2015.05.14-08.34.01:212][270]PIE: Info Play in editor start time for /Game/SuperGrid/Tutorial/UEDPIE_0_TutorialMap 1.242
[2015.05.14-08.34.01:570][272]LogPhysics:Warning: MoveFixedBody: Trying to move component'/Game/SuperGrid/Tutorial/UEDPIE_0_TutorialMap.TutorialMap:PersistentLevel.BP_Elevator_C_0.SM_Cylinder' with a non-Movable Mobility.
[2015.05.14-08.34.01:589][273]LogPhysics:Warning: MoveFixedBody: Trying to move component'/Game/SuperGrid/Tutorial/UEDPIE_0_TutorialMap.TutorialMap:PersistentLevel.BP_Elevator_C_0.SM_Cylinder' with a non-Movable Mobility.
[2015.05.14-08.34.01:607][274]LogPhysics:Warning: MoveFixedBody: Trying to move component'/Game/SuperGrid/Tutorial/UEDPIE_0_TutorialMap.TutorialMap:PersistentLevel.BP_Elevator_C_0.SM_Cylinder' with a non-Movable Mobility.
[2015.05.14-08.34.01:627][275]LogPhysics:Warning: MoveFixedBody: Trying to move component'/Game/SuperGrid/Tutorial/UEDPIE_0_TutorialMap.TutorialMap:PersistentLevel.BP_Elevator_C_0.SM_Cylinder' with a non-Movable Mobility.
[2015.05.14-08.34.01:642][276]LogPhysics:Warning: MoveFixedBody: Trying to move component'/Game/SuperGrid/Tutorial/UEDPIE_0_TutorialMap.TutorialMap:PersistentLevel.BP_Elevator_C_0.SM_Cylinder' with a non-Movable Mobility.
[2015.05.14-08.34.01:659][277]LogPhysics:Warning: MoveFixedBody: Trying to move component'/Game/SuperGrid/Tutorial/UEDPIE_0_TutorialMap.TutorialMap:PersistentLevel.BP_Elevator_C_0.SM_Cylinder' with a non-Movable Mobility.
[2015.05.14-08.34.01:680][278]LogPhysics:Warning: MoveFixedBody: Trying to move component'/Game/SuperGrid/Tutorial/UEDPIE_0_TutorialMap.TutorialMap:PersistentLevel.BP_Elevator_C_0.SM_Cylinder' with a non-Movable Mobility.
[2015.05.14-08.34.01:700][279]LogPhysics:Warning: MoveFixedBody: Trying to move component'/Game/SuperGrid/Tutorial/UEDPIE_0_TutorialMap.TutorialMap:PersistentLevel.BP_Elevator_C_0.SM_Cylinder' with a non-Movable Mobility.
[2015.05.14-08.34.01:726][280]LogPhysics:Warning: MoveFixedBody: Trying to move component'/Game/SuperGrid/Tutorial/UEDPIE_0_TutorialMap.TutorialMap:PersistentLevel.BP_Elevator_C_0.SM_Cylinder' with a non-Movable Mobility.
[2015.05.14-08.34.01:748][281]LogPhysics:Warning: MoveFixedBody: Trying to move component'/Game/SuperGrid/Tutorial/UEDPIE_0_TutorialMap.TutorialMap:PersistentLevel.BP_Elevator_C_0.SM_Cylinder' with a non-Movable Mobility.
[2015.05.14-08.34.01:772][282]LogPhysics:Warning: MoveFixedBody: Trying to move component'/Game/SuperGrid/Tutorial/UEDPIE_0_TutorialMap.TutorialMap:PersistentLevel.BP_Elevator_C_0.SM_Cylinder' with a non-Movable Mobility.
[2015.05.14-08.34.01:792][283]LogPhysics:Warning: MoveFixedBody: Trying to move component'/Game/SuperGrid/Tutorial/UEDPIE_0_TutorialMap.TutorialMap:PersistentLevel.BP_Elevator_C_0.SM_Cylinder' with a non-Movable Mobility.
[2015.05.14-08.34.01:812][284]LogPhysics:Warning: MoveFixedBody: Trying to move component'/Game/SuperGrid/Tutorial/UEDPIE_0_TutorialMap.TutorialMap:PersistentLevel.BP_Elevator_C_0.SM_Cylinder' with a non-Movable Mobility.
[2015.05.14-08.34.01:833][285]LogPhysics:Warning: MoveFixedBody: Trying to move component'/Game/SuperGrid/Tutorial/UEDPIE_0_TutorialMap.TutorialMap:PersistentLevel.BP_Elevator_C_0.SM_Cylinder' with a non-Movable Mobility.
[2015.05.14-08.34.01:849][286]LogPhysics:Warning: MoveFixedBody: Trying to move component'/Game/SuperGrid/Tutorial/UEDPIE_0_TutorialMap.TutorialMap:PersistentLevel.BP_Elevator_C_0.SM_Cylinder' with a non-Movable Mobility.
[2015.05.14-08.34.01:864][287]LogPhysics:Warning: MoveFixedBody: Trying to move component'/Game/SuperGrid/Tutorial/UEDPIE_0_TutorialMap.TutorialMap:PersistentLevel.BP_Elevator_C_0.SM_Cylinder' with a non-Movable Mobility.
[2015.05.14-08.34.01:884][288]LogPhysics:Warning: MoveFixedBody: Trying to move component'/Game/SuperGrid/Tutorial/UEDPIE_0_TutorialMap.TutorialMap:PersistentLevel.BP_Elevator_C_0.SM_Cylinder' with a non-Movable Mobility.
[2015.05.14-08.34.01:902][289]LogPhysics:Warning: MoveFixedBody: Trying to move component'/Game/SuperGrid/Tutorial/UEDPIE_0_TutorialMap.TutorialMap:PersistentLevel.BP_Elevator_C_0.SM_Cylinder' with a non-Movable Mobility.
[2015.05.14-08.34.01:922][290]LogPhysics:Warning: MoveFixedBody: Trying to move component'/Game/SuperGrid/Tutorial/UEDPIE_0_TutorialMap.TutorialMap:PersistentLevel.BP_Elevator_C_0.SM_Cylinder' with a non-Movable Mobility.
[2015.05.14-08.34.01:940][291]LogPhysics:Warning: MoveFixedBody: Trying to move component'/Game/SuperGrid/Tutorial/UEDPIE_0_TutorialMap.TutorialMap:PersistentLevel.BP_Elevator_C_0.SM_Cylinder' with a non-Movable Mobility.
[2015.05.14-08.34.01:960][292]LogPhysics:Warning: MoveFixedBody: Trying to move component'/Game/SuperGrid/Tutorial/UEDPIE_0_TutorialMap.TutorialMap:PersistentLevel.BP_Elevator_C_0.SM_Cylinder' with a non-Movable Mobility.
[2015.05.14-08.34.01:976][293]LogPhysics:Warning: MoveFixedBody: Trying to move component'/Game/SuperGrid/Tutorial/UEDPIE_0_TutorialMap.TutorialMap:PersistentLevel.BP_Elevator_C_0.SM_Cylinder' with a non-Movable Mobility.
[2015.05.14-08.34.01:995][294]LogPhysics:Warning: MoveFixedBody: Trying to move component'/Game/SuperGrid/Tutorial/UEDPIE_0_TutorialMap.TutorialMap:PersistentLevel.BP_Elevator_C_0.SM_Cylinder' with a non-Movable Mobility.
[2015.05.14-08.34.02:036][295]LogPhysics:Warning: MoveFixedBody: Trying to move component'/Game/SuperGrid/Tutorial/UEDPIE_0_TutorialMap.TutorialMap:PersistentLevel.BP_Elevator_C_0.SM_Cylinder' with a non-Movable Mobility.
[2015.05.14-08.34.02:051][296]LogPhysics:Warning: MoveFixedBody: Trying to move component'/Game/SuperGrid/Tutorial/UEDPIE_0_TutorialMap.TutorialMap:PersistentLevel.BP_Elevator_C_0.SM_Cylinder' with a non-Movable Mobility.
[2015.05.14-08.34.02:072][297]LogPhysics:Warning: MoveFixedBody: Trying to move component'/Game/SuperGrid/Tutorial/UEDPIE_0_TutorialMap.TutorialMap:PersistentLevel.BP_Elevator_C_0.SM_Cylinder' with a non-Movable Mobility.
[2015.05.14-08.34.02:091][298]LogPhysics:Warning: MoveFixedBody: Trying to move component'/Game/SuperGrid/Tutorial/UEDPIE_0_TutorialMap.TutorialMap:PersistentLevel.BP_Elevator_C_0.SM_Cylinder' with a non-Movable Mobility.
[2015.05.14-08.34.02:109][299]LogPhysics:Warning: MoveFixedBody: Trying to move component'/Game/SuperGrid/Tutorial/UEDPIE_0_TutorialMap.TutorialMap:PersistentLevel.BP_Elevator_C_0.SM_Cylinder' with a non-Movable Mobility.
[2015.05.14-08.34.02:128][300]LogPhysics:Warning: MoveFixedBody: Trying to move component'/Game/SuperGrid/Tutorial/UEDPIE_0_TutorialMap.TutorialMap:PersistentLevel.BP_Elevator_C_0.SM_Cylinder' with a non-Movable Mobility.
[2015.05.14-08.34.02:146][301]LogPhysics:Warning: MoveFixedBody: Trying to move component'/Game/SuperGrid/Tutorial/UEDPIE_0_TutorialMap.TutorialMap:PersistentLevel.BP_Elevator_C_0.SM_Cylinder' with a non-Movable Mobility.
[2015.05.14-08.34.02:164][302]LogPhysics:Warning: MoveFixedBody: Trying to move component'/Game/SuperGrid/Tutorial/UEDPIE_0_TutorialMap.TutorialMap:PersistentLevel.BP_Elevator_C_0.SM_Cylinder' with a non-Movable Mobility.
[2015.05.14-08.34.02:180][303]LogPhysics:Warning: MoveFixedBody: Trying to move component'/Game/SuperGrid/Tutorial/UEDPIE_0_TutorialMap.TutorialMap:PersistentLevel.BP_Elevator_C_0.SM_Cylinder' with a non-Movable Mobility.
[2015.05.14-08.34.02:196][304]LogPhysics:Warning: MoveFixedBody: Trying to move component'/Game/SuperGrid/Tutorial/UEDPIE_0_TutorialMap.TutorialMap:PersistentLevel.BP_Elevator_C_0.SM_Cylinder' with a non-Movable Mobility.
[2015.05.14-08.34.02:212][305]LogPhysics:Warning: MoveFixedBody: Trying to move component'/Game/SuperGrid/Tutorial/UEDPIE_0_TutorialMap.TutorialMap:PersistentLevel.BP_Elevator_C_0.SM_Cylinder' with a non-Movable Mobility.
[2015.05.14-08.34.02:227][306]LogPhysics:Warning: MoveFixedBody: Trying to move component'/Game/SuperGrid/Tutorial/UEDPIE_0_TutorialMap.TutorialMap:PersistentLevel.BP_Elevator_C_0.SM_Cylinder' with a non-Movable Mobility.
[2015.05.14-08.34.02:243][307]LogPhysics:Warning: MoveFixedBody: Trying to move component'/Game/SuperGrid/Tutorial/UEDPIE_0_TutorialMap.TutorialMap:PersistentLevel.BP_Elevator_C_0.SM_Cylinder' with a non-Movable Mobility.
[2015.05.14-08.34.02:262][308]LogPhysics:Warning: MoveFixedBody: Trying to move component'/Game/SuperGrid/Tutorial/UEDPIE_0_TutorialMap.TutorialMap:PersistentLevel.BP_Elevator_C_0.SM_Cylinder' with a non-Movable Mobility.
[2015.05.14-08.34.02:281][309]LogPhysics:Warning: MoveFixedBody: Trying to move component'/Game/SuperGrid/Tutorial/UEDPIE_0_TutorialMap.TutorialMap:PersistentLevel.BP_Elevator_C_0.SM_Cylinder' with a non-Movable Mobility.
[2015.05.14-08.34.02:300][310]LogPhysics:Warning: MoveFixedBody: Trying to move component'/Game/SuperGrid/Tutorial/UEDPIE_0_TutorialMap.TutorialMap:PersistentLevel.BP_Elevator_C_0.SM_Cylinder' with a non-Movable Mobility.
[2015.05.14-08.34.02:315][311]LogPhysics:Warning: MoveFixedBody: Trying to move component'/Game/SuperGrid/Tutorial/UEDPIE_0_TutorialMap.TutorialMap:PersistentLevel.BP_Elevator_C_0.SM_Cylinder' with a non-Movable Mobility.
[2015.05.14-08.34.02:336][312]LogPhysics:Warning: MoveFixedBody: Trying to move component'/Game/SuperGrid/Tutorial/UEDPIE_0_TutorialMap.TutorialMap:PersistentLevel.BP_Elevator_C_0.SM_Cylinder' with a non-Movable Mobility.
[2015.05.14-08.34.02:356][313]LogPhysics:Warning: MoveFixedBody: Trying to move component'/Game/SuperGrid/Tutorial/UEDPIE_0_TutorialMap.TutorialMap:PersistentLevel.BP_Elevator_C_0.SM_Cylinder' with a non-Movable Mobility.
[2015.05.14-08.34.02:371][314]LogPhysics:Warning: MoveFixedBody: Trying to move component'/Game/SuperGrid/Tutorial/UEDPIE_0_TutorialMap.TutorialMap:PersistentLevel.BP_Elevator_C_0.SM_Cylinder' with a non-Movable Mobility.
[2015.05.14-08.34.02:391][315]LogPhysics:Warning: MoveFixedBody: Trying to move component'/Game/SuperGrid/Tutorial/UEDPIE_0_TutorialMap.TutorialMap:PersistentLevel.BP_Elevator_C_0.SM_Cylinder' with a non-Movable Mobility.
[2015.05.14-08.34.02:406][316]LogPhysics:Warning: MoveFixedBody: Trying to move component'/Game/SuperGrid/Tutorial/UEDPIE_0_TutorialMap.TutorialMap:PersistentLevel.BP_Elevator_C_0.SM_Cylinder' with a non-Movable Mobility.
[2015.05.14-08.34.02:426][317]LogPhysics:Warning: MoveFixedBody: Trying to move component'/Game/SuperGrid/Tutorial/UEDPIE_0_TutorialMap.TutorialMap:PersistentLevel.BP_Elevator_C_0.SM_Cylinder' with a non-Movable Mobility.
[2015.05.14-08.34.02:443][318]LogPhysics:Warning: MoveFixedBody: Trying to move component'/Game/SuperGrid/Tutorial/UEDPIE_0_TutorialMap.TutorialMap:PersistentLevel.BP_Elevator_C_0.SM_Cylinder' with a non-Movable Mobility.
[2015.05.14-08.34.02:462][319]LogPhysics:Warning: MoveFixedBody: Trying to move component'/Game/SuperGrid/Tutorial/UEDPIE_0_TutorialMap.TutorialMap:PersistentLevel.BP_Elevator_C_0.SM_Cylinder' with a non-Movable Mobility.
[2015.05.14-08.34.02:477][320]LogPhysics:Warning: MoveFixedBody: Trying to move component'/Game/SuperGrid/Tutorial/UEDPIE_0_TutorialMap.TutorialMap:PersistentLevel.BP_Elevator_C_0.SM_Cylinder' with a non-Movable Mobility.
[2015.05.14-08.34.02:498][321]LogPhysics:Warning: MoveFixedBody: Trying to move component'/Game/SuperGrid/Tutorial/UEDPIE_0_TutorialMap.TutorialMap:PersistentLevel.BP_Elevator_C_0.SM_Cylinder' with a non-Movable Mobility.
[2015.05.14-08.34.02:519][322]LogPhysics:Warning: MoveFixedBody: Trying to move component'/Game/SuperGrid/Tutorial/UEDPIE_0_TutorialMap.TutorialMap:PersistentLevel.BP_Elevator_C_0.SM_Cylinder' with a non-Movable Mobility.
[2015.05.14-08.34.02:536][323]LogPhysics:Warning: MoveFixedBody: Trying to move component'/Game/SuperGrid/Tutorial/UEDPIE_0_TutorialMap.TutorialMap:PersistentLevel.BP_Elevator_C_0.SM_Cylinder' with a non-Movable Mobility.
[2015.05.14-08.34.02:552][324]LogPhysics:Warning: MoveFixedBody: Trying to move component'/Game/SuperGrid/Tutorial/UEDPIE_0_TutorialMap.TutorialMap:PersistentLevel.BP_Elevator_C_0.SM_Cylinder' with a non-Movable Mobility.
[2015.05.14-08.34.02:574][325]LogPhysics:Warning: MoveFixedBody: Trying to move component'/Game/SuperGrid/Tutorial/UEDPIE_0_TutorialMap.TutorialMap:PersistentLevel.BP_Elevator_C_0.SM_Cylinder' with a non-Movable Mobility.
[2015.05.14-08.34.02:590][326]LogPhysics:Warning: MoveFixedBody: Trying to move component'/Game/SuperGrid/Tutorial/UEDPIE_0_TutorialMap.TutorialMap:PersistentLevel.BP_Elevator_C_0.SM_Cylinder' with a non-Movable Mobility.
[2015.05.14-08.34.02:610][327]LogPhysics:Warning: MoveFixedBody: Trying to move component'/Game/SuperGrid/Tutorial/UEDPIE_0_TutorialMap.TutorialMap:PersistentLevel.BP_Elevator_C_0.SM_Cylinder' with a non-Movable Mobility.
[2015.05.14-08.34.02:628][328]LogPhysics:Warning: MoveFixedBody: Trying to move component'/Game/SuperGrid/Tutorial/UEDPIE_0_TutorialMap.TutorialMap:PersistentLevel.BP_Elevator_C_0.SM_Cylinder' with a non-Movable Mobility.
[2015.05.14-08.34.02:647][329]LogPhysics:Warning: MoveFixedBody: Trying to move component'/Game/SuperGrid/Tutorial/UEDPIE_0_TutorialMap.TutorialMap:PersistentLevel.BP_Elevator_C_0.SM_Cylinder' with a non-Movable Mobility.
[2015.05.14-08.34.02:662][330]LogPhysics:Warning: MoveFixedBody: Trying to move component'/Game/SuperGrid/Tutorial/UEDPIE_0_TutorialMap.TutorialMap:PersistentLevel.BP_Elevator_C_0.SM_Cylinder' with a non-Movable Mobility.
[2015.05.14-08.34.02:681][331]LogPhysics:Warning: MoveFixedBody: Trying to move component'/Game/SuperGrid/Tutorial/UEDPIE_0_TutorialMap.TutorialMap:PersistentLevel.BP_Elevator_C_0.SM_Cylinder' with a non-Movable Mobility.
[2015.05.14-08.34.02:696][332]LogPhysics:Warning: MoveFixedBody: Trying to move component'/Game/SuperGrid/Tutorial/UEDPIE_0_TutorialMap.TutorialMap:PersistentLevel.BP_Elevator_C_0.SM_Cylinder' with a non-Movable Mobility.
[2015.05.14-08.34.02:712][333]LogPhysics:Warning: MoveFixedBody: Trying to move component'/Game/SuperGrid/Tutorial/UEDPIE_0_TutorialMap.TutorialMap:PersistentLevel.BP_Elevator_C_0.SM_Cylinder' with a non-Movable Mobility.
[2015.05.14-08.34.02:732][334]LogPhysics:Warning: MoveFixedBody: Trying to move component'/Game/SuperGrid/Tutorial/UEDPIE_0_TutorialMap.TutorialMap:PersistentLevel.BP_Elevator_C_0.SM_Cylinder' with a non-Movable Mobility.
[2015.05.14-08.34.02:751][335]LogPhysics:Warning: MoveFixedBody: Trying to move component'/Game/SuperGrid/Tutorial/UEDPIE_0_TutorialMap.TutorialMap:PersistentLevel.BP_Elevator_C_0.SM_Cylinder' with a non-Movable Mobility.
[2015.05.14-08.34.02:768][336]LogPhysics:Warning: MoveFixedBody: Trying to move component'/Game/SuperGrid/Tutorial/UEDPIE_0_TutorialMap.TutorialMap:PersistentLevel.BP_Elevator_C_0.SM_Cylinder' with a non-Movable Mobility.
[2015.05.14-08.34.02:790][337]LogPhysics:Warning: MoveFixedBody: Trying to move component'/Game/SuperGrid/Tutorial/UEDPIE_0_TutorialMap.TutorialMap:PersistentLevel.BP_Elevator_C_0.SM_Cylinder' with a non-Movable Mobility.
[2015.05.14-08.34.02:809][338]LogPhysics:Warning: MoveFixedBody: Trying to move component'/Game/SuperGrid/Tutorial/UEDPIE_0_TutorialMap.TutorialMap:PersistentLevel.BP_Elevator_C_0.SM_Cylinder' with a non-Movable Mobility.
[2015.05.14-08.34.02:829][339]LogPhysics:Warning: MoveFixedBody: Trying to move component'/Game/SuperGrid/Tutorial/UEDPIE_0_TutorialMap.TutorialMap:PersistentLevel.BP_Elevator_C_0.SM_Cylinder' with a non-Movable Mobility.
[2015.05.14-08.34.02:846][340]LogPhysics:Warning: MoveFixedBody: Trying to move component'/Game/SuperGrid/Tutorial/UEDPIE_0_TutorialMap.TutorialMap:PersistentLevel.BP_Elevator_C_0.SM_Cylinder' with a non-Movable Mobility.
[2015.05.14-08.34.02:865][341]LogPhysics:Warning: MoveFixedBody: Trying to move component'/Game/SuperGrid/Tutorial/UEDPIE_0_TutorialMap.TutorialMap:PersistentLevel.BP_Elevator_C_0.SM_Cylinder' with a non-Movable Mobility.
[2015.05.14-08.34.02:883][342]LogPhysics:Warning: MoveFixedBody: Trying to move component'/Game/SuperGrid/Tutorial/UEDPIE_0_TutorialMap.TutorialMap:PersistentLevel.BP_Elevator_C_0.SM_Cylinder' with a non-Movable Mobility.
[2015.05.14-08.34.02:901][343]LogPhysics:Warning: MoveFixedBody: Trying to move component'/Game/SuperGrid/Tutorial/UEDPIE_0_TutorialMap.TutorialMap:PersistentLevel.BP_Elevator_C_0.SM_Cylinder' with a non-Movable Mobility.
[2015.05.14-08.34.02:919][344]LogPhysics:Warning: MoveFixedBody: Trying to move component'/Game/SuperGrid/Tutorial/UEDPIE_0_TutorialMap.TutorialMap:PersistentLevel.BP_Elevator_C_0.SM_Cylinder' with a non-Movable Mobility.
[2015.05.14-08.34.02:937][345]LogPhysics:Warning: MoveFixedBody: Trying to move component'/Game/SuperGrid/Tutorial/UEDPIE_0_TutorialMap.TutorialMap:PersistentLevel.BP_Elevator_C_0.SM_Cylinder' with a non-Movable Mobility.
[2015.05.14-08.34.02:955][346]LogPhysics:Warning: MoveFixedBody: Trying to move component'/Game/SuperGrid/Tutorial/UEDPIE_0_TutorialMap.TutorialMap:PersistentLevel.BP_Elevator_C_0.SM_Cylinder' with a non-Movable Mobility.
[2015.05.14-08.34.02:973][347]LogPhysics:Warning: MoveFixedBody: Trying to move component'/Game/SuperGrid/Tutorial/UEDPIE_0_TutorialMap.TutorialMap:PersistentLevel.BP_Elevator_C_0.SM_Cylinder' with a non-Movable Mobility.
[2015.05.14-08.34.02:992][348]LogPhysics:Warning: MoveFixedBody: Trying to move component'/Game/SuperGrid/Tutorial/UEDPIE_0_TutorialMap.TutorialMap:PersistentLevel.BP_Elevator_C_0.SM_Cylinder' with a non-Movable Mobility.
[2015.05.14-08.34.03:006][349]LogPhysics:Warning: MoveFixedBody: Trying to move component'/Game/SuperGrid/Tutorial/UEDPIE_0_TutorialMap.TutorialMap:PersistentLevel.BP_Elevator_C_0.SM_Cylinder' with a non-Movable Mobility.
[2015.05.14-08.34.03:028][350]LogPhysics:Warning: MoveFixedBody: Trying to move component'/Game/SuperGrid/Tutorial/UEDPIE_0_TutorialMap.TutorialMap:PersistentLevel.BP_Elevator_C_0.SM_Cylinder' with a non-Movable Mobility.
[2015.05.14-08.34.03:046][351]LogPhysics:Warning: MoveFixedBody: Trying to move component'/Game/SuperGrid/Tutorial/UEDPIE_0_TutorialMap.TutorialMap:PersistentLevel.BP_Elevator_C_0.SM_Cylinder' with a non-Movable Mobility.
[2015.05.14-08.34.03:067][352]LogPhysics:Warning: MoveFixedBody: Trying to move component'/Game/SuperGrid/Tutorial/UEDPIE_0_TutorialMap.TutorialMap:PersistentLevel.BP_Elevator_C_0.SM_Cylinder' with a non-Movable Mobility.
[2015.05.14-08.34.03:084][353]LogPhysics:Warning: MoveFixedBody: Trying to move component'/Game/SuperGrid/Tutorial/UEDPIE_0_TutorialMap.TutorialMap:PersistentLevel.BP_Elevator_C_0.SM_Cylinder' with a non-Movable Mobility.
[2015.05.14-08.34.03:103][354]LogPhysics:Warning: MoveFixedBody: Trying to move component'/Game/SuperGrid/Tutorial/UEDPIE_0_TutorialMap.TutorialMap:PersistentLevel.BP_Elevator_C_0.SM_Cylinder' with a non-Movable Mobility.
[2015.05.14-08.34.03:129][355]LogPhysics:Warning: MoveFixedBody: Trying to move component'/Game/SuperGrid/Tutorial/UEDPIE_0_TutorialMap.TutorialMap:PersistentLevel.BP_Elevator_C_0.SM_Cylinder' with a non-Movable Mobility.
[2015.05.14-08.34.03:155][356]LogPhysics:Warning: MoveFixedBody: Trying to move component'/Game/SuperGrid/Tutorial/UEDPIE_0_TutorialMap.TutorialMap:PersistentLevel.BP_Elevator_C_0.SM_Cylinder' with a non-Movable Mobility.
[2015.05.14-08.34.03:181][357]LogPhysics:Warning: MoveFixedBody: Trying to move component'/Game/SuperGrid/Tutorial/UEDPIE_0_TutorialMap.TutorialMap:PersistentLevel.BP_Elevator_C_0.SM_Cylinder' with a non-Movable Mobility.
[2015.05.14-08.34.03:204][358]LogPhysics:Warning: MoveFixedBody: Trying to move component'/Game/SuperGrid/Tutorial/UEDPIE_0_TutorialMap.TutorialMap:PersistentLevel.BP_Elevator_C_0.SM_Cylinder' with a non-Movable Mobility.
[2015.05.14-08.34.03:223][359]LogPhysics:Warning: MoveFixedBody: Trying to move component'/Game/SuperGrid/Tutorial/UEDPIE_0_TutorialMap.TutorialMap:PersistentLevel.BP_Elevator_C_0.SM_Cylinder' with a non-Movable Mobility.
[2015.05.14-08.34.03:237][360]LogPhysics:Warning: MoveFixedBody: Trying to move component'/Game/SuperGrid/Tutorial/UEDPIE_0_TutorialMap.TutorialMap:PersistentLevel.BP_Elevator_C_0.SM_Cylinder' with a non-Movable Mobility.
[2015.05.14-08.34.03:257][361]LogPhysics:Warning: MoveFixedBody: Trying to move component'/Game/SuperGrid/Tutorial/UEDPIE_0_TutorialMap.TutorialMap:PersistentLevel.BP_Elevator_C_0.SM_Cylinder' with a non-Movable Mobility.
[2015.05.14-08.34.03:279][362]LogPhysics:Warning: MoveFixedBody: Trying to move component'/Game/SuperGrid/Tutorial/UEDPIE_0_TutorialMap.TutorialMap:PersistentLevel.BP_Elevator_C_0.SM_Cylinder' with a non-Movable Mobility.
[2015.05.14-08.34.03:297][363]LogPhysics:Warning: MoveFixedBody: Trying to move component'/Game/SuperGrid/Tutorial/UEDPIE_0_TutorialMap.TutorialMap:PersistentLevel.BP_Elevator_C_0.SM_Cylinder' with a non-Movable Mobility.
[2015.05.14-08.34.03:323][364]LogPhysics:Warning: MoveFixedBody: Trying to move component'/Game/SuperGrid/Tutorial/UEDPIE_0_TutorialMap.TutorialMap:PersistentLevel.BP_Elevator_C_0.SM_Cylinder' with a non-Movable Mobility.
[2015.05.14-08.34.03:350][365]LogPhysics:Warning: MoveFixedBody: Trying to move component'/Game/SuperGrid/Tutorial/UEDPIE_0_TutorialMap.TutorialMap:PersistentLevel.BP_Elevator_C_0.SM_Cylinder' with a non-Movable Mobility.
[2015.05.14-08.34.03:368][366]LogPhysics:Warning: MoveFixedBody: Trying to move component'/Game/SuperGrid/Tutorial/UEDPIE_0_TutorialMap.TutorialMap:PersistentLevel.BP_Elevator_C_0.SM_Cylinder' with a non-Movable Mobility.
[2015.05.14-08.34.03:386][367]LogPhysics:Warning: MoveFixedBody: Trying to move component'/Game/SuperGrid/Tutorial/UEDPIE_0_TutorialMap.TutorialMap:PersistentLevel.BP_Elevator_C_0.SM_Cylinder' with a non-Movable Mobility.
[2015.05.14-08.34.03:404][368]LogPhysics:Warning: MoveFixedBody: Trying to move component'/Game/SuperGrid/Tutorial/UEDPIE_0_TutorialMap.TutorialMap:PersistentLevel.BP_Elevator_C_0.SM_Cylinder' with a non-Movable Mobility.
[2015.05.14-08.34.03:422][369]LogPhysics:Warning: MoveFixedBody: Trying to move component'/Game/SuperGrid/Tutorial/UEDPIE_0_TutorialMap.TutorialMap:PersistentLevel.BP_Elevator_C_0.SM_Cylinder' with a non-Movable Mobility.
[2015.05.14-08.34.03:441][370]LogPhysics:Warning: MoveFixedBody: Trying to move component'/Game/SuperGrid/Tutorial/UEDPIE_0_TutorialMap.TutorialMap:PersistentLevel.BP_Elevator_C_0.SM_Cylinder' with a non-Movable Mobility.
[2015.05.14-08.34.03:459][371]LogPhysics:Warning: MoveFixedBody: Trying to move component'/Game/SuperGrid/Tutorial/UEDPIE_0_TutorialMap.TutorialMap:PersistentLevel.BP_Elevator_C_0.SM_Cylinder' with a non-Movable Mobility.
[2015.05.14-08.34.03:477][372]LogPhysics:Warning: MoveFixedBody: Trying to move component'/Game/SuperGrid/Tutorial/UEDPIE_0_TutorialMap.TutorialMap:PersistentLevel.BP_Elevator_C_0.SM_Cylinder' with a non-Movable Mobility.
[2015.05.14-08.34.03:495][373]LogPhysics:Warning: MoveFixedBody: Trying to move component'/Game/SuperGrid/Tutorial/UEDPIE_0_TutorialMap.TutorialMap:PersistentLevel.BP_Elevator_C_0.SM_Cylinder' with a non-Movable Mobility.
[2015.05.14-08.34.03:511][374]LogPhysics:Warning: MoveFixedBody: Trying to move component'/Game/SuperGrid/Tutorial/UEDPIE_0_TutorialMap.TutorialMap:PersistentLevel.BP_Elevator_C_0.SM_Cylinder' with a non-Movable Mobility.
[2015.05.14-08.34.03:530][375]LogPhysics:Warning: MoveFixedBody: Trying to move component'/Game/SuperGrid/Tutorial/UEDPIE_0_TutorialMap.TutorialMap:PersistentLevel.BP_Elevator_C_0.SM_Cylinder' with a non-Movable Mobility.
[2015.05.14-08.34.03:549][376]LogPhysics:Warning: MoveFixedBody: Trying to move component'/Game/SuperGrid/Tutorial/UEDPIE_0_TutorialMap.TutorialMap:PersistentLevel.BP_Elevator_C_0.SM_Cylinder' with a non-Movable Mobility.
[2015.05.14-08.34.03:566][377]LogPhysics:Warning: MoveFixedBody: Trying to move component'/Game/SuperGrid/Tutorial/UEDPIE_0_TutorialMap.TutorialMap:PersistentLevel.BP_Elevator_C_0.SM_Cylinder' with a non-Movable Mobility.
[2015.05.14-08.34.03:588][378]LogPhysics:Warning: MoveFixedBody: Trying to move component'/Game/SuperGrid/Tutorial/UEDPIE_0_TutorialMap.TutorialMap:PersistentLevel.BP_Elevator_C_0.SM_Cylinder' with a non-Movable Mobility.
[2015.05.14-08.34.03:604][379]LogPhysics:Warning: MoveFixedBody: Trying to move component'/Game/SuperGrid/Tutorial/UEDPIE_0_TutorialMap.TutorialMap:PersistentLevel.BP_Elevator_C_0.SM_Cylinder' with a non-Movable Mobility.
[2015.05.14-08.34.03:623][380]LogPhysics:Warning: MoveFixedBody: Trying to move component'/Game/SuperGrid/Tutorial/UEDPIE_0_TutorialMap.TutorialMap:PersistentLevel.BP_Elevator_C_0.SM_Cylinder' with a non-Movable Mobility.
[2015.05.14-08.34.03:643][381]LogPhysics:Warning: MoveFixedBody: Trying to move component'/Game/SuperGrid/Tutorial/UEDPIE_0_TutorialMap.TutorialMap:PersistentLevel.BP_Elevator_C_0.SM_Cylinder' with a non-Movable Mobility.
[2015.05.14-08.34.03:660][382]LogPhysics:Warning: MoveFixedBody: Trying to move component'/Game/SuperGrid/Tutorial/UEDPIE_0_TutorialMap.TutorialMap:PersistentLevel.BP_Elevator_C_0.SM_Cylinder' with a non-Movable Mobility.
[2015.05.14-08.34.03:676][383]LogPhysics:Warning: MoveFixedBody: Trying to move component'/Game/SuperGrid/Tutorial/UEDPIE_0_TutorialMap.TutorialMap:PersistentLevel.BP_Elevator_C_0.SM_Cylinder' with a non-Movable Mobility.
[2015.05.14-08.34.03:696][384]LogPhysics:Warning: MoveFixedBody: Trying to move component'/Game/SuperGrid/Tutorial/UEDPIE_0_TutorialMap.TutorialMap:PersistentLevel.BP_Elevator_C_0.SM_Cylinder' with a non-Movable Mobility.
[2015.05.14-08.34.03:712][385]LogPhysics:Warning: MoveFixedBody: Trying to move component'/Game/SuperGrid/Tutorial/UEDPIE_0_TutorialMap.TutorialMap:PersistentLevel.BP_Elevator_C_0.SM_Cylinder' with a non-Movable Mobility.
[2015.05.14-08.34.03:730][386]LogPhysics:Warning: MoveFixedBody: Trying to move component'/Game/SuperGrid/Tutorial/UEDPIE_0_TutorialMap.TutorialMap:PersistentLevel.BP_Elevator_C_0.SM_Cylinder' with a non-Movable Mobility.
[2015.05.14-08.34.03:749][387]LogPhysics:Warning: MoveFixedBody: Trying to move component'/Game/SuperGrid/Tutorial/UEDPIE_0_TutorialMap.TutorialMap:PersistentLevel.BP_Elevator_C_0.SM_Cylinder' with a non-Movable Mobility.
[2015.05.14-08.34.03:767][388]LogPhysics:Warning: MoveFixedBody: Trying to move component'/Game/SuperGrid/Tutorial/UEDPIE_0_TutorialMap.TutorialMap:PersistentLevel.BP_Elevator_C_0.SM_Cylinder' with a non-Movable Mobility.
[2015.05.14-08.34.03:786][389]LogPhysics:Warning: MoveFixedBody: Trying to move component'/Game/SuperGrid/Tutorial/UEDPIE_0_TutorialMap.TutorialMap:PersistentLevel.BP_Elevator_C_0.SM_Cylinder' with a non-Movable Mobility.
[2015.05.14-08.34.03:806][390]LogPhysics:Warning: MoveFixedBody: Trying to move component'/Game/SuperGrid/Tutorial/UEDPIE_0_TutorialMap.TutorialMap:PersistentLevel.BP_Elevator_C_0.SM_Cylinder' with a non-Movable Mobility.
[2015.05.14-08.34.03:827][391]LogPhysics:Warning: MoveFixedBody: Trying to move component'/Game/SuperGrid/Tutorial/UEDPIE_0_TutorialMap.TutorialMap:PersistentLevel.BP_Elevator_C_0.SM_Cylinder' with a non-Movable Mobility.
[2015.05.14-08.34.03:842][392]LogPhysics:Warning: MoveFixedBody: Trying to move component'/Game/SuperGrid/Tutorial/UEDPIE_0_TutorialMap.TutorialMap:PersistentLevel.BP_Elevator_C_0.SM_Cylinder' with a non-Movable Mobility.
[2015.05.14-08.34.03:862][393]LogPhysics:Warning: MoveFixedBody: Trying to move component'/Game/SuperGrid/Tutorial/UEDPIE_0_TutorialMap.TutorialMap:PersistentLevel.BP_Elevator_C_0.SM_Cylinder' with a non-Movable Mobility.
[2015.05.14-08.34.03:882][394]LogPhysics:Warning: MoveFixedBody: Trying to move component'/Game/SuperGrid/Tutorial/UEDPIE_0_TutorialMap.TutorialMap:PersistentLevel.BP_Elevator_C_0.SM_Cylinder' with a non-Movable Mobility.
[2015.05.14-08.34.03:899][395]LogPhysics:Warning: MoveFixedBody: Trying to move component'/Game/SuperGrid/Tutorial/UEDPIE_0_TutorialMap.TutorialMap:PersistentLevel.BP_Elevator_C_0.SM_Cylinder' with a non-Movable Mobility.
[2015.05.14-08.34.03:918][396]LogPhysics:Warning: MoveFixedBody: Trying to move component'/Game/SuperGrid/Tutorial/UEDPIE_0_TutorialMap.TutorialMap:PersistentLevel.BP_Elevator_C_0.SM_Cylinder' with a non-Movable Mobility.
[2015.05.14-08.34.03:937][397]LogPhysics:Warning: MoveFixedBody: Trying to move component'/Game/SuperGrid/Tutorial/UEDPIE_0_TutorialMap.TutorialMap:PersistentLevel.BP_Elevator_C_0.SM_Cylinder' with a non-Movable Mobility.
[2015.05.14-08.34.03:954][398]LogPhysics:Warning: MoveFixedBody: Trying to move component'/Game/SuperGrid/Tutorial/UEDPIE_0_TutorialMap.TutorialMap:PersistentLevel.BP_Elevator_C_0.SM_Cylinder' with a non-Movable Mobility.
[2015.05.14-08.34.03:973][399]LogPhysics:Warning: MoveFixedBody: Trying to move component'/Game/SuperGrid/Tutorial/UEDPIE_0_TutorialMap.TutorialMap:PersistentLevel.BP_Elevator_C_0.SM_Cylinder' with a non-Movable Mobility.
[2015.05.14-08.34.03:991][400]LogPhysics:Warning: MoveFixedBody: Trying to move component'/Game/SuperGrid/Tutorial/UEDPIE_0_TutorialMap.TutorialMap:PersistentLevel.BP_Elevator_C_0.SM_Cylinder' with a non-Movable Mobility.
[2015.05.14-08.34.04:011][401]LogPhysics:Warning: MoveFixedBody: Trying to move component'/Game/SuperGrid/Tutorial/UEDPIE_0_TutorialMap.TutorialMap:PersistentLevel.BP_Elevator_C_0.SM_Cylinder' with a non-Movable Mobility.
[2015.05.14-08.34.04:029][402]LogPhysics:Warning: MoveFixedBody: Trying to move component'/Game/SuperGrid/Tutorial/UEDPIE_0_TutorialMap.TutorialMap:PersistentLevel.BP_Elevator_C_0.SM_Cylinder' with a non-Movable Mobility.
[2015.05.14-08.34.04:047][403]LogPhysics:Warning: MoveFixedBody: Trying to move component'/Game/SuperGrid/Tutorial/UEDPIE_0_TutorialMap.TutorialMap:PersistentLevel.BP_Elevator_C_0.SM_Cylinder' with a non-Movable Mobility.
[2015.05.14-08.34.04:066][404]LogPhysics:Warning: MoveFixedBody: Trying to move component'/Game/SuperGrid/Tutorial/UEDPIE_0_TutorialMap.TutorialMap:PersistentLevel.BP_Elevator_C_0.SM_Cylinder' with a non-Movable Mobility.
[2015.05.14-08.34.04:082][405]LogPhysics:Warning: MoveFixedBody: Trying to move component'/Game/SuperGrid/Tutorial/UEDPIE_0_TutorialMap.TutorialMap:PersistentLevel.BP_Elevator_C_0.SM_Cylinder' with a non-Movable Mobility.
[2015.05.14-08.34.04:101][406]LogPhysics:Warning: MoveFixedBody: Trying to move component'/Game/SuperGrid/Tutorial/UEDPIE_0_TutorialMap.TutorialMap:PersistentLevel.BP_Elevator_C_0.SM_Cylinder' with a non-Movable Mobility.
[2015.05.14-08.34.04:120][407]LogPhysics:Warning: MoveFixedBody: Trying to move component'/Game/SuperGrid/Tutorial/UEDPIE_0_TutorialMap.TutorialMap:PersistentLevel.BP_Elevator_C_0.SM_Cylinder' with a non-Movable Mobility.
[2015.05.14-08.34.04:135][408]LogPhysics:Warning: MoveFixedBody: Trying to move component'/Game/SuperGrid/Tutorial/UEDPIE_0_TutorialMap.TutorialMap:PersistentLevel.BP_Elevator_C_0.SM_Cylinder' with a non-Movable Mobility.
[2015.05.14-08.34.04:156][409]LogPhysics:Warning: MoveFixedBody: Trying to move component'/Game/SuperGrid/Tutorial/UEDPIE_0_TutorialMap.TutorialMap:PersistentLevel.BP_Elevator_C_0.SM_Cylinder' with a non-Movable Mobility.
[2015.05.14-08.34.04:172][410]LogPhysics:Warning: MoveFixedBody: Trying to move component'/Game/SuperGrid/Tutorial/UEDPIE_0_TutorialMap.TutorialMap:PersistentLevel.BP_Elevator_C_0.SM_Cylinder' with a non-Movable Mobility.
[2015.05.14-08.34.04:190][411]LogPhysics:Warning: MoveFixedBody: Trying to move component'/Game/SuperGrid/Tutorial/UEDPIE_0_TutorialMap.TutorialMap:PersistentLevel.BP_Elevator_C_0.SM_Cylinder' with a non-Movable Mobility.
[2015.05.14-08.34.04:208][412]LogPhysics:Warning: MoveFixedBody: Trying to move component'/Game/SuperGrid/Tutorial/UEDPIE_0_TutorialMap.TutorialMap:PersistentLevel.BP_Elevator_C_0.SM_Cylinder' with a non-Movable Mobility.
[2015.05.14-08.34.04:224][413]LogPhysics:Warning: MoveFixedBody: Trying to move component'/Game/SuperGrid/Tutorial/UEDPIE_0_TutorialMap.TutorialMap:PersistentLevel.BP_Elevator_C_0.SM_Cylinder' with a non-Movable Mobility.
[2015.05.14-08.34.04:239][414]LogPhysics:Warning: MoveFixedBody: Trying to move component'/Game/SuperGrid/Tutorial/UEDPIE_0_TutorialMap.TutorialMap:PersistentLevel.BP_Elevator_C_0.SM_Cylinder' with a non-Movable Mobility.
[2015.05.14-08.34.04:253][415]LogPhysics:Warning: MoveFixedBody: Trying to move component'/Game/SuperGrid/Tutorial/UEDPIE_0_TutorialMap.TutorialMap:PersistentLevel.BP_Elevator_C_0.SM_Cylinder' with a non-Movable Mobility.
[2015.05.14-08.34.04:270][416]LogPhysics:Warning: MoveFixedBody: Trying to move component'/Game/SuperGrid/Tutorial/UEDPIE_0_TutorialMap.TutorialMap:PersistentLevel.BP_Elevator_C_0.SM_Cylinder' with a non-Movable Mobility.
[2015.05.14-08.34.04:286][417]LogPhysics:Warning: MoveFixedBody: Trying to move component'/Game/SuperGrid/Tutorial/UEDPIE_0_TutorialMap.TutorialMap:PersistentLevel.BP_Elevator_C_0.SM_Cylinder' with a non-Movable Mobility.
[2015.05.14-08.34.04:302][418]LogPhysics:Warning: MoveFixedBody: Trying to move component'/Game/SuperGrid/Tutorial/UEDPIE_0_TutorialMap.TutorialMap:PersistentLevel.BP_Elevator_C_0.SM_Cylinder' with a non-Movable Mobility.
[2015.05.14-08.34.04:317][419]LogPhysics:Warning: MoveFixedBody: Trying to move component'/Game/SuperGrid/Tutorial/UEDPIE_0_TutorialMap.TutorialMap:PersistentLevel.BP_Elevator_C_0.SM_Cylinder' with a non-Movable Mobility.
[2015.05.14-08.34.04:332][420]LogPhysics:Warning: MoveFixedBody: Trying to move component'/Game/SuperGrid/Tutorial/UEDPIE_0_TutorialMap.TutorialMap:PersistentLevel.BP_Elevator_C_0.SM_Cylinder' with a non-Movable Mobility.
[2015.05.14-08.34.04:349][421]LogPhysics:Warning: MoveFixedBody: Trying to move component'/Game/SuperGrid/Tutorial/UEDPIE_0_TutorialMap.TutorialMap:PersistentLevel.BP_Elevator_C_0.SM_Cylinder' with a non-Movable Mobility.
[2015.05.14-08.34.04:364][422]LogPhysics:Warning: MoveFixedBody: Trying to move component'/Game/SuperGrid/Tutorial/UEDPIE_0_TutorialMap.TutorialMap:PersistentLevel.BP_Elevator_C_0.SM_Cylinder' with a non-Movable Mobility.
[2015.05.14-08.34.04:380][423]LogPhysics:Warning: MoveFixedBody: Trying to move component'/Game/SuperGrid/Tutorial/UEDPIE_0_TutorialMap.TutorialMap:PersistentLevel.BP_Elevator_C_0.SM_Cylinder' with a non-Movable Mobility.
[2015.05.14-08.34.04:396][424]LogPhysics:Warning: MoveFixedBody: Trying to move component'/Game/SuperGrid/Tutorial/UEDPIE_0_TutorialMap.TutorialMap:PersistentLevel.BP_Elevator_C_0.SM_Cylinder' with a non-Movable Mobility.
[2015.05.14-08.34.04:415][425]LogPhysics:Warning: MoveFixedBody: Trying to move component'/Game/SuperGrid/Tutorial/UEDPIE_0_TutorialMap.TutorialMap:PersistentLevel.BP_Elevator_C_0.SM_Cylinder' with a non-Movable Mobility.
[2015.05.14-08.34.04:432][426]LogPhysics:Warning: MoveFixedBody: Trying to move component'/Game/SuperGrid/Tutorial/UEDPIE_0_TutorialMap.TutorialMap:PersistentLevel.BP_Elevator_C_0.SM_Cylinder' with a non-Movable Mobility.
[2015.05.14-08.34.04:448][427]LogPhysics:Warning: MoveFixedBody: Trying to move component'/Game/SuperGrid/Tutorial/UEDPIE_0_TutorialMap.TutorialMap:PersistentLevel.BP_Elevator_C_0.SM_Cylinder' with a non-Movable Mobility.
[2015.05.14-08.34.04:467][428]LogPhysics:Warning: MoveFixedBody: Trying to move component'/Game/SuperGrid/Tutorial/UEDPIE_0_TutorialMap.TutorialMap:PersistentLevel.BP_Elevator_C_0.SM_Cylinder' with a non-Movable Mobility.
[2015.05.14-08.34.04:482][429]LogPhysics:Warning: MoveFixedBody: Trying to move component'/Game/SuperGrid/Tutorial/UEDPIE_0_TutorialMap.TutorialMap:PersistentLevel.BP_Elevator_C_0.SM_Cylinder' with a non-Movable Mobility.
[2015.05.14-08.34.04:500][430]LogPhysics:Warning: MoveFixedBody: Trying to move component'/Game/SuperGrid/Tutorial/UEDPIE_0_TutorialMap.TutorialMap:PersistentLevel.BP_Elevator_C_0.SM_Cylinder' with a non-Movable Mobility.
[2015.05.14-08.34.04:517][431]LogPhysics:Warning: MoveFixedBody: Trying to move component'/Game/SuperGrid/Tutorial/UEDPIE_0_TutorialMap.TutorialMap:PersistentLevel.BP_Elevator_C_0.SM_Cylinder' with a non-Movable Mobility.
[2015.05.14-08.34.04:536][432]LogPhysics:Warning: MoveFixedBody: Trying to move component'/Game/SuperGrid/Tutorial/UEDPIE_0_TutorialMap.TutorialMap:PersistentLevel.BP_Elevator_C_0.SM_Cylinder' with a non-Movable Mobility.
[2015.05.14-08.34.04:552][433]LogPhysics:Warning: MoveFixedBody: Trying to move component'/Game/SuperGrid/Tutorial/UEDPIE_0_TutorialMap.TutorialMap:PersistentLevel.BP_Elevator_C_0.SM_Cylinder' with a non-Movable Mobility.
[2015.05.14-08.34.04:571][434]LogPhysics:Warning: MoveFixedBody: Trying to move component'/Game/SuperGrid/Tutorial/UEDPIE_0_TutorialMap.TutorialMap:PersistentLevel.BP_Elevator_C_0.SM_Cylinder' with a non-Movable Mobility.
[2015.05.14-08.34.04:589][435]LogPhysics:Warning: MoveFixedBody: Trying to move component'/Game/SuperGrid/Tutorial/UEDPIE_0_TutorialMap.TutorialMap:PersistentLevel.BP_Elevator_C_0.SM_Cylinder' with a non-Movable Mobility.
[2015.05.14-08.34.04:606][436]LogPhysics:Warning: MoveFixedBody: Trying to move component'/Game/SuperGrid/Tutorial/UEDPIE_0_TutorialMap.TutorialMap:PersistentLevel.BP_Elevator_C_0.SM_Cylinder' with a non-Movable Mobility.
[2015.05.14-08.34.04:624][437]LogPhysics:Warning: MoveFixedBody: Trying to move component'/Game/SuperGrid/Tutorial/UEDPIE_0_TutorialMap.TutorialMap:PersistentLevel.BP_Elevator_C_0.SM_Cylinder' with a non-Movable Mobility.
[2015.05.14-08.34.04:640][438]LogPhysics:Warning: MoveFixedBody: Trying to move component'/Game/SuperGrid/Tutorial/UEDPIE_0_TutorialMap.TutorialMap:PersistentLevel.BP_Elevator_C_0.SM_Cylinder' with a non-Movable Mobility.
[2015.05.14-08.34.04:654][439]LogPhysics:Warning: MoveFixedBody: Trying to move component'/Game/SuperGrid/Tutorial/UEDPIE_0_TutorialMap.TutorialMap:PersistentLevel.BP_Elevator_C_0.SM_Cylinder' with a non-Movable Mobility.
[2015.05.14-08.34.04:676][440]LogPhysics:Warning: MoveFixedBody: Trying to move component'/Game/SuperGrid/Tutorial/UEDPIE_0_TutorialMap.TutorialMap:PersistentLevel.BP_Elevator_C_0.SM_Cylinder' with a non-Movable Mobility.
[2015.05.14-08.34.04:690][441]LogPhysics:Warning: MoveFixedBody: Trying to move component'/Game/SuperGrid/Tutorial/UEDPIE_0_TutorialMap.TutorialMap:PersistentLevel.BP_Elevator_C_0.SM_Cylinder' with a non-Movable Mobility.
[2015.05.14-08.34.04:711][442]LogPhysics:Warning: MoveFixedBody: Trying to move component'/Game/SuperGrid/Tutorial/UEDPIE_0_TutorialMap.TutorialMap:PersistentLevel.BP_Elevator_C_0.SM_Cylinder' with a non-Movable Mobility.
[2015.05.14-08.34.04:729][443]LogPhysics:Warning: MoveFixedBody: Trying to move component'/Game/SuperGrid/Tutorial/UEDPIE_0_TutorialMap.TutorialMap:PersistentLevel.BP_Elevator_C_0.SM_Cylinder' with a non-Movable Mobility.
[2015.05.14-08.34.04:746][444]LogPhysics:Warning: MoveFixedBody: Trying to move component'/Game/SuperGrid/Tutorial/UEDPIE_0_TutorialMap.TutorialMap:PersistentLevel.BP_Elevator_C_0.SM_Cylinder' with a non-Movable Mobility.
[2015.05.14-08.34.04:761][445]LogPhysics:Warning: MoveFixedBody: Trying to move component'/Game/SuperGrid/Tutorial/UEDPIE_0_TutorialMap.TutorialMap:PersistentLevel.BP_Elevator_C_0.SM_Cylinder' with a non-Movable Mobility.
[2015.05.14-08.34.04:780][446]LogPhysics:Warning: MoveFixedBody: Trying to move component'/Game/SuperGrid/Tutorial/UEDPIE_0_TutorialMap.TutorialMap:PersistentLevel.BP_Elevator_C_0.SM_Cylinder' with a non-Movable Mobility.
[2015.05.14-08.34.04:798][447]LogPhysics:Warning: MoveFixedBody: Trying to move component'/Game/SuperGrid/Tutorial/UEDPIE_0_TutorialMap.TutorialMap:PersistentLevel.BP_Elevator_C_0.SM_Cylinder' with a non-Movable Mobility.
[2015.05.14-08.34.04:813][448]LogPhysics:Warning: MoveFixedBody: Trying to move component'/Game/SuperGrid/Tutorial/UEDPIE_0_TutorialMap.TutorialMap:PersistentLevel.BP_Elevator_C_0.SM_Cylinder' with a non-Movable Mobility.
[2015.05.14-08.34.04:834][449]LogPhysics:Warning: MoveFixedBody: Trying to move component'/Game/SuperGrid/Tutorial/UEDPIE_0_TutorialMap.TutorialMap:PersistentLevel.BP_Elevator_C_0.SM_Cylinder' with a non-Movable Mobility.
[2015.05.14-08.34.04:849][450]LogPhysics:Warning: MoveFixedBody: Trying to move component'/Game/SuperGrid/Tutorial/UEDPIE_0_TutorialMap.TutorialMap:PersistentLevel.BP_Elevator_C_0.SM_Cylinder' with a non-Movable Mobility.
[2015.05.14-08.34.04:867][451]LogPhysics:Warning: MoveFixedBody: Trying to move component'/Game/SuperGrid/Tutorial/UEDPIE_0_TutorialMap.TutorialMap:PersistentLevel.BP_Elevator_C_0.SM_Cylinder' with a non-Movable Mobility.
[2015.05.14-08.34.04:883][452]LogPhysics:Warning: MoveFixedBody: Trying to move component'/Game/SuperGrid/Tutorial/UEDPIE_0_TutorialMap.TutorialMap:PersistentLevel.BP_Elevator_C_0.SM_Cylinder' with a non-Movable Mobility.
[2015.05.14-08.34.04:906][453]LogPhysics:Warning: MoveFixedBody: Trying to move component'/Game/SuperGrid/Tutorial/UEDPIE_0_TutorialMap.TutorialMap:PersistentLevel.BP_Elevator_C_0.SM_Cylinder' with a non-Movable Mobility.
[2015.05.14-08.34.04:930][454]LogPhysics:Warning: MoveFixedBody: Trying to move component'/Game/SuperGrid/Tutorial/UEDPIE_0_TutorialMap.TutorialMap:PersistentLevel.BP_Elevator_C_0.SM_Cylinder' with a non-Movable Mobility.
[2015.05.14-08.34.04:951][455]LogPhysics:Warning: MoveFixedBody: Trying to move component'/Game/SuperGrid/Tutorial/UEDPIE_0_TutorialMap.TutorialMap:PersistentLevel.BP_Elevator_C_0.SM_Cylinder' with a non-Movable Mobility.
[2015.05.14-08.34.04:978][456]LogPhysics:Warning: MoveFixedBody: Trying to move component'/Game/SuperGrid/Tutorial/UEDPIE_0_TutorialMap.TutorialMap:PersistentLevel.BP_Elevator_C_0.SM_Cylinder' with a non-Movable Mobility.
[2015.05.14-08.34.04:997][457]LogPhysics:Warning: MoveFixedBody: Trying to move component'/Game/SuperGrid/Tutorial/UEDPIE_0_TutorialMap.TutorialMap:PersistentLevel.BP_Elevator_C_0.SM_Cylinder' with a non-Movable Mobility.
[2015.05.14-08.34.05:018][458]LogPhysics:Warning: MoveFixedBody: Trying to move component'/Game/SuperGrid/Tutorial/UEDPIE_0_TutorialMap.TutorialMap:PersistentLevel.BP_Elevator_C_0.SM_Cylinder' with a non-Movable Mobility.
[2015.05.14-08.34.05:034][459]LogPhysics:Warning: MoveFixedBody: Trying to move component'/Game/SuperGrid/Tutorial/UEDPIE_0_TutorialMap.TutorialMap:PersistentLevel.BP_Elevator_C_0.SM_Cylinder' with a non-Movable Mobility.
[2015.05.14-08.34.05:054][460]LogPhysics:Warning: MoveFixedBody: Trying to move component'/Game/SuperGrid/Tutorial/UEDPIE_0_TutorialMap.TutorialMap:PersistentLevel.BP_Elevator_C_0.SM_Cylinder' with a non-Movable Mobility.
[2015.05.14-08.34.05:071][461]LogPhysics:Warning: MoveFixedBody: Trying to move component'/Game/SuperGrid/Tutorial/UEDPIE_0_TutorialMap.TutorialMap:PersistentLevel.BP_Elevator_C_0.SM_Cylinder' with a non-Movable Mobility.
[2015.05.14-08.34.05:092][462]LogPhysics:Warning: MoveFixedBody: Trying to move component'/Game/SuperGrid/Tutorial/UEDPIE_0_TutorialMap.TutorialMap:PersistentLevel.BP_Elevator_C_0.SM_Cylinder' with a non-Movable Mobility.
[2015.05.14-08.36.12:173][254]LogParticles: Destroying 0 GPU particle simulations for FXSystem 0x000000002FD30860
[2015.05.14-08.36.27:224][714]Cmd: QUIT_EDITOR
[2015.05.14-08.36.27:673][714]LogExit: Preparing to exit.
[2015.05.14-08.36.28:388][714]LogExit: Editor shut down
[2015.05.14-08.36.28:390][714]LogExit: Transaction tracking system shut down
[2015.05.14-08.36.28:395][714]LogParticles: Destroying 0 GPU particle simulations for FXSystem 0x000000001C315440
[2015.05.14-08.36.28:755][714]LogParticles: Destroying 0 GPU particle simulations for FXSystem 0x00000000300D56C0
[2015.05.14-08.36.28:755][714]LogParticles: Destroying 0 GPU particle simulations for FXSystem 0x0000000032051D00
[2015.05.14-08.36.28:755][714]LogExit: Object subsystem successfully closed.
[2015.05.14-08.36.28:899][714]LogModuleManager: Shutting down and abandoning module CrashTracker (177)
[2015.05.14-08.36.28:899][714]LogModuleManager: Shutting down and abandoning module SuperSearch (176)
[2015.05.14-08.36.28:899][714]LogModuleManager: Shutting down and abandoning module SceneOutliner (175)
[2015.05.14-08.36.28:899][714]LogModuleManager: Shutting down and abandoning module EditorWidgets (174)
[2015.05.14-08.36.28:899][714]LogModuleManager: Shutting down and abandoning module CollectionManager (173)
[2015.05.14-08.36.28:899][714]LogModuleManager: Shutting down and abandoning module StatsViewer (172)
[2015.05.14-08.36.28:899][714]LogModuleManager: Shutting down and abandoning module FoliageEdit (171)
[2015.05.14-08.36.28:899][714]LogModuleManager: Shutting down and abandoning module LandscapeEditor (170)
[2015.05.14-08.36.28:899][714]LogModuleManager: Shutting down and abandoning module MeshPaint (169)
[2015.05.14-08.36.28:899][714]LogModuleManager: Shutting down and abandoning module ActorPickerMode (168)
[2015.05.14-08.36.28:899][714]LogModuleManager: Shutting down and abandoning module GeometryMode (167)
[2015.05.14-08.36.28:899][714]LogModuleManager: Shutting down and abandoning module TextureAlignMode (166)
[2015.05.14-08.36.28:899][714]LogModuleManager: Shutting down and abandoning module BspMode (165)
[2015.05.14-08.36.28:899][714]LogModuleManager: Shutting down and abandoning module PlacementMode (164)
[2015.05.14-08.36.28:899][714]LogModuleManager: Shutting down and abandoning module AutomationWorker (163)
[2015.05.14-08.36.28:899][714]LogModuleManager: Shutting down and abandoning module CharacterAI (162)
[2015.05.14-08.36.28:899][714]LogModuleManager: Shutting down and abandoning module SmartSnapping (161)
[2015.05.14-08.36.28:899][714]LogModuleManager: Shutting down and abandoning module ViewportSnapping (160)
[2015.05.14-08.36.28:899][714]LogModuleManager: Shutting down and abandoning module LogVisualizer (159)
[2015.05.14-08.36.28:900][714]LogModuleManager: Shutting down and abandoning module GameProjectGeneration (158)
[2015.05.14-08.36.28:900][714]LogModuleManager: Shutting down and abandoning module IntroTutorials (157)
[2015.05.14-08.36.28:900][714]LogModuleManager: Shutting down and abandoning module EditorLiveStreaming (156)
[2015.05.14-08.36.28:900][714]LogModuleManager: Shutting down and abandoning module HardwareTargeting (155)
[2015.05.14-08.36.28:900][714]LogModuleManager: Shutting down and abandoning module DeviceProfileEditor (154)
[2015.05.14-08.36.28:900][714]LogModuleManager: Shutting down and abandoning module UndoHistory (153)
[2015.05.14-08.36.28:900][714]LogModuleManager: Shutting down and abandoning module GameplayTagsEditor (152)
[2015.05.14-08.36.28:900][714]LogModuleManager: Shutting down and abandoning module UserFeedback (151)
[2015.05.14-08.36.28:900][714]LogModuleManager: Shutting down and abandoning module XmlParser (150)
[2015.05.14-08.36.28:900][714]LogModuleManager: Shutting down and abandoning module Blutility (149)
[2015.05.14-08.36.28:900][714]LogModuleManager: Shutting down and abandoning module IOSPlatformEditor (148)
[2015.05.14-08.36.28:900][714]LogModuleManager: Shutting down and abandoning module IOSRuntimeSettings (147)
[2015.05.14-08.36.28:900][714]LogModuleManager: Shutting down and abandoning module AndroidDeviceDetection (146)
[2015.05.14-08.36.29:885][714]LogModuleManager: Shutting down and abandoning module AndroidPlatformEditor (145)
[2015.05.14-08.36.29:885][714]LogModuleManager: Shutting down and abandoning module AndroidRuntimeSettings (144)
[2015.05.14-08.36.29:885][714]LogModuleManager: Shutting down and abandoning module ProjectTargetPlatformEditor (143)
[2015.05.14-08.36.29:885][714]LogModuleManager: Shutting down and abandoning module ProjectSettingsViewer (142)
[2015.05.14-08.36.29:885][714]LogModuleManager: Shutting down and abandoning module InputBindingEditor (141)
[2015.05.14-08.36.29:885][714]LogModuleManager: Shutting down and abandoning module EditorSettingsViewer (140)
[2015.05.14-08.36.29:886][714]LogModuleManager: Shutting down and abandoning module SettingsEditor (139)
[2015.05.14-08.36.29:886][714]LogModuleManager: Shutting down and abandoning module ProjectLauncher (138)
[2015.05.14-08.36.29:886][714]LogModuleManager: Shutting down and abandoning module SessionFrontend (137)
[2015.05.14-08.36.29:886][714]LogModuleManager: Shutting down and abandoning module ProfilerClient (136)
[2015.05.14-08.36.29:886][714]LogModuleManager: Shutting down and abandoning module TargetDeviceServices (135)
[2015.05.14-08.36.29:886][714]LogModuleManager: Shutting down and abandoning module DeviceManager (134)
[2015.05.14-08.36.29:886][714]LogModuleManager: Shutting down and abandoning module AutomationController (133)
[2015.05.14-08.36.29:886][714]LogModuleManager: Shutting down and abandoning module AutomationWindow (132)
[2015.05.14-08.36.29:886][714]LogModuleManager: Shutting down and abandoning module Layers (131)
[2015.05.14-08.36.29:886][714]LogModuleManager: Shutting down and abandoning module ComponentVisualizers (130)
[2015.05.14-08.36.29:886][714]LogModuleManager: Shutting down and abandoning module DetailCustomizations (129)
[2015.05.14-08.36.29:886][714]LogModuleManager: Shutting down and abandoning module PackagesDialog (128)
[2015.05.14-08.36.29:886][714]LogModuleManager: Shutting down and abandoning module AssetRegistry (127)
[2015.05.14-08.36.29:961][714]LogModuleManager: Shutting down and abandoning module Persona (126)
[2015.05.14-08.36.29:962][714]LogModuleManager: Shutting down and abandoning module SlateReflector (125)
[2015.05.14-08.36.29:962][714]LogModuleManager: Shutting down and abandoning module LevelEditor (124)
[2015.05.14-08.36.29:963][714]LogModuleManager: Shutting down and abandoning module Kismet (123)
[2015.05.14-08.36.29:963][714]LogModuleManager: Shutting down and abandoning module GraphEditor (122)
[2015.05.14-08.36.29:963][714]LogModuleManager: Shutting down and abandoning module ClassViewer (121)
[2015.05.14-08.36.29:963][714]LogModuleManager: Shutting down and abandoning module Toolbox (120)
[2015.05.14-08.36.29:963][714]LogModuleManager: Shutting down and abandoning module ModuleUI (119)
[2015.05.14-08.36.29:963][714]LogModuleManager: Shutting down and abandoning module MovieSceneTools (118)
[2015.05.14-08.36.29:964][714]LogModuleManager: Shutting down and abandoning module OutputLog (117)
[2015.05.14-08.36.29:964][714]LogModuleManager: Shutting down and abandoning module GammaUI (116)
[2015.05.14-08.36.29:964][714]LogModuleManager: Shutting down and abandoning module Documentation (115)
[2015.05.14-08.36.29:964][714]LogModuleManager: Shutting down and abandoning module GameLiveStreaming (114)
[2015.05.14-08.36.29:964][714]LogModuleManager: Shutting down and abandoning module StreamingPauseRendering (113)
[2015.05.14-08.36.29:964][714]LogModuleManager: Shutting down and abandoning module HTTP (112)
[2015.05.14-08.36.29:964][714]LogModuleManager: Shutting down and abandoning module AnalyticsET (111)
[2015.05.14-08.36.29:964][714]LogModuleManager: Shutting down and abandoning module Analytics (110)
[2015.05.14-08.36.29:964][714]LogModuleManager: Shutting down and abandoning module AITestSuite (109)
[2015.05.14-08.36.29:964][714]LogModuleManager: Shutting down and abandoning module GameplayDebugger (108)
[2015.05.14-08.36.29:964][714]LogModuleManager: Shutting down and abandoning module AIModule (107)
[2015.05.14-08.36.29:964][714]LogModuleManager: Shutting down and abandoning module ProfilerService (106)
[2015.05.14-08.36.30:178][714]LogModuleManager: Shutting down and abandoning module TaskGraph (105)
[2015.05.14-08.36.30:178][714]LogModuleManager: Shutting down and abandoning module SlateRemote (104)
[2015.05.14-08.36.30:178][714]LogModuleManager: Shutting down and abandoning module ScriptEditorPlugin (103)
[2015.05.14-08.36.30:178][714]LogModuleManager: Shutting down and abandoning module CustomMeshComponent (102)
[2015.05.14-08.36.30:178][714]LogModuleManager: Shutting down and abandoning module CableComponent (101)
[2015.05.14-08.36.30:178][714]LogModuleManager: Shutting down and abandoning module MessagingDebugger (100)
[2015.05.14-08.36.30:178][714]LogModuleManager: Shutting down and abandoning module MediaPlayerEditor (99)
[2015.05.14-08.36.30:178][714]LogModuleManager: Shutting down and abandoning module SpeedTreeImporter (98)
[2015.05.14-08.36.30:178][714]LogModuleManager: Shutting down and abandoning module PluginsEditor (97)
[2015.05.14-08.36.30:178][714]LogModuleManager: Shutting down and abandoning module MainFrame (96)
[2015.05.14-08.36.30:178][714]LogModuleManager: Shutting down and abandoning module EpicSurvey (95)
[2015.05.14-08.36.30:178][714]LogModuleManager: Shutting down and abandoning module DesktopPlatform (94)
[2015.05.14-08.36.30:178][714]LogModuleManager: Shutting down and abandoning module DirectoryWatcher (93)
[2015.05.14-08.36.30:179][714]LogModuleManager: Shutting down and abandoning module HotReload (92)
[2015.05.14-08.36.30:179][714]LogModuleManager: Shutting down and abandoning module VisualStudioSourceCodeAccess (91)
[2015.05.14-08.36.30:179][714]LogModuleManager: Shutting down and abandoning module UObjectPlugin (90)
[2015.05.14-08.36.30:179][714]LogModuleManager: Shutting down and abandoning module SubversionSourceControl (89)
[2015.05.14-08.36.30:179][714]LogModuleManager: Shutting down and abandoning module PerforceSourceControl (88)
[2015.05.14-08.36.30:179][714]LogModuleManager: Shutting down and abandoning module SourceControl (87)
[2015.05.14-08.36.30:179][714]LogModuleManager: Shutting down and abandoning module GitSourceControl (86)
[2015.05.14-08.36.30:179][714]LogModuleManager: Shutting down and abandoning module BlankPlugin (85)
[2015.05.14-08.36.30:179][714]LogModuleManager: Shutting down and abandoning module PaperTiledImporter (84)
[2015.05.14-08.36.30:179][714]LogModuleManager: Shutting down and abandoning module PaperJsonImporter (83)
[2015.05.14-08.36.30:179][714]LogModuleManager: Shutting down and abandoning module ContentBrowser (82)
[2015.05.14-08.36.30:181][714]LogModuleManager: Shutting down and abandoning module Paper2DEditor (81)
[2015.05.14-08.36.30:181][714]LogModuleManager: Shutting down and abandoning module ScriptPlugin (80)
[2015.05.14-08.36.30:181][714]LogModuleManager: Shutting down and abandoning module UdpMessaging (79)
[2015.05.14-08.36.30:281][714]LogModuleManager: Shutting down and abandoning module Paper2D (78)
[2015.05.14-08.36.30:281][714]LogModuleManager: Shutting down and abandoning module WindowsMoviePlayer (77)
[2015.05.14-08.36.30:287][714]LogModuleManager: Shutting down and abandoning module Media (76)
[2015.05.14-08.36.30:287][714]LogModuleManager: Shutting down and abandoning module WmfMedia (75)
[2015.05.14-08.36.30:287][714]LogModuleManager: Shutting down and abandoning module OnlineBlueprintSupport (74)
[2015.05.14-08.36.30:287][714]LogModuleManager: Shutting down and abandoning module PropertyEditor (73)
[2015.05.14-08.36.30:287][714]LogModuleManager: Shutting down and abandoning module BehaviorTreeEditor (72)
[2015.05.14-08.36.30:287][714]LogModuleManager: Shutting down and abandoning module FunctionalTesting (71)
[2015.05.14-08.36.30:287][714]LogModuleManager: Shutting down and abandoning module CollisionAnalyzer (70)
[2015.05.14-08.36.30:288][714]LogModuleManager: Shutting down and abandoning module WorkspaceMenuStructure (69)
[2015.05.14-08.36.30:288][714]LogModuleManager: Shutting down and abandoning module MessageLog (68)
[2015.05.14-08.36.30:288][714]LogModuleManager: Shutting down and abandoning module Sequencer (67)
[2015.05.14-08.36.30:288][714]LogModuleManager: Shutting down and abandoning module AssetTools (66)
[2015.05.14-08.36.30:288][714]LogModuleManager: Shutting down and abandoning module UMGEditor (65)
[2015.05.14-08.36.30:288][714]LogModuleManager: Shutting down and abandoning module UMG (64)
[2015.05.14-08.36.30:288][714]LogModuleManager: Shutting down and abandoning module Slate (63)
[2015.05.14-08.36.30:288][714]LogModuleManager: Shutting down and abandoning module EditorStyle (62)
[2015.05.14-08.36.30:298][714]LogModuleManager: Shutting down and abandoning module SessionServices (61)
[2015.05.14-08.36.30:298][714]LogModuleManager: Shutting down and abandoning module SourceCodeAccess (60)
[2015.05.14-08.36.30:298][714]LogModuleManager: Shutting down and abandoning module HeadMountedDisplay (59)
[2015.05.14-08.36.30:298][714]LogModuleManager: Shutting down and abandoning module XAudio2 (58)
[2015.05.14-08.36.30:298][714]LogModuleManager: Shutting down and abandoning module Networking (56)
[2015.05.14-08.36.30:298][714]LogModuleManager: Shutting down and abandoning module Core (55)
[2015.05.14-08.36.30:298][714]LogModuleManager: Shutting down and abandoning module KismetCompiler (54)
[2015.05.14-08.36.30:298][714]LogModuleManager: Shutting down and abandoning module PhysXFormats (53)
[2015.05.14-08.36.30:298][714]LogModuleManager: Shutting down and abandoning module MeshUtilities (52)
[2015.05.14-08.36.30:298][714]LogModuleManager: Shutting down and abandoning module DerivedDataCache (51)
[2015.05.14-08.36.30:326][714]LogDerivedDataCache: Shutdown
[2015.05.14-08.36.30:326][714]LogModuleManager: Shutting down and abandoning module ShaderFormatOpenGL (50)
[2015.05.14-08.36.30:326][714]LogModuleManager: Shutting down and abandoning module ShaderFormatD3D (49)
[2015.05.14-08.36.30:326][714]LogModuleManager: Shutting down and abandoning module MetalShaderFormat (48)
[2015.05.14-08.36.30:326][714]LogModuleManager: Shutting down and abandoning module TextureFormatUncompressed (47)
[2015.05.14-08.36.30:326][714]LogModuleManager: Shutting down and abandoning module TextureFormatPVR (46)
[2015.05.14-08.36.30:326][714]LogModuleManager: Shutting down and abandoning module TextureFormatIntelISPCTexComp (45)
[2015.05.14-08.36.30:326][714]LogModuleManager: Shutting down and abandoning module TextureFormatDXT (44)
[2015.05.14-08.36.30:326][714]LogModuleManager: Shutting down and abandoning module ImageWrapper (43)
[2015.05.14-08.36.30:326][714]LogModuleManager: Shutting down and abandoning module TextureFormatASTC (42)
[2015.05.14-08.36.30:326][714]LogModuleManager: Shutting down and abandoning module TextureFormatAndroid (41)
[2015.05.14-08.36.30:326][714]LogModuleManager: Shutting down and abandoning module AudioFormatOpus (40)
[2015.05.14-08.36.30:326][714]LogModuleManager: Shutting down and abandoning module AudioFormatOgg (39)
[2015.05.14-08.36.30:326][714]LogModuleManager: Shutting down and abandoning module AudioFormatADPCM (38)
[2015.05.14-08.36.30:326][714]LogModuleManager: Shutting down and abandoning module LinuxTargetPlatform (37)
[2015.05.14-08.36.30:326][714]LogModuleManager: Shutting down and abandoning module LinuxServerTargetPlatform (36)
[2015.05.14-08.36.30:326][714]LogModuleManager: Shutting down and abandoning module LinuxNoEditorTargetPlatform (35)
[2015.05.14-08.36.30:326][714]LogModuleManager: Shutting down and abandoning module Messaging (34)
[2015.05.14-08.36.30:326][714]LogModuleManager: Shutting down and abandoning module IOSTargetPlatform (33)
[2015.05.14-08.36.30:326][714]LogModuleManager: Shutting down and abandoning module HTML5TargetPlatform (32)
[2015.05.14-08.36.30:326][714]LogModuleManager: Shutting down and abandoning module Android_PVRTCTargetPlatform (31)
[2015.05.14-08.36.30:326][714]LogModuleManager: Shutting down and abandoning module Android_ETC2TargetPlatform (30)
[2015.05.14-08.36.30:326][714]LogModuleManager: Shutting down and abandoning module Android_ETC1TargetPlatform (29)
[2015.05.14-08.36.30:326][714]LogModuleManager: Shutting down and abandoning module Android_ES31TargetPlatform (28)
[2015.05.14-08.36.30:326][714]LogModuleManager: Shutting down and abandoning module Android_DXTTargetPlatform (27)
[2015.05.14-08.36.30:326][714]LogModuleManager: Shutting down and abandoning module Android_ATCTargetPlatform (26)
[2015.05.14-08.36.30:326][714]LogModuleManager: Shutting down and abandoning module AndroidTargetPlatform (25)
[2015.05.14-08.36.30:326][714]LogModuleManager: Shutting down and abandoning module WindowsTargetPlatform (24)
[2015.05.14-08.36.30:326][714]LogModuleManager: Shutting down and abandoning module WindowsServerTargetPlatform (23)
[2015.05.14-08.36.30:326][714]LogModuleManager: Shutting down and abandoning module WindowsNoEditorTargetPlatform (22)
[2015.05.14-08.36.30:326][714]LogModuleManager: Shutting down and abandoning module WindowsClientTargetPlatform (21)
[2015.05.14-08.36.30:327][714]LogModuleManager: Shutting down and abandoning module TargetPlatform (20)
[2015.05.14-08.36.30:327][714]LogModuleManager: Shutting down and abandoning module InputCore (19)
[2015.05.14-08.36.30:327][714]LogModuleManager: Shutting down and abandoning module Settings (18)
[2015.05.14-08.36.30:327][714]LogModuleManager: Shutting down and abandoning module OnlineSubsystem (16)
[2015.05.14-08.36.30:327][714]LogModuleManager: Shutting down and abandoning module OculusRift (15)
[2015.05.14-08.36.30:327][714]LogModuleManager: Shutting down and abandoning module ExampleDeviceProfileSelector (14)
[2015.05.14-08.36.30:327][714]LogModuleManager: Shutting down and abandoning module TextureCompressor (13)
[2015.05.14-08.36.30:327][714]LogModuleManager: Shutting down and abandoning module ShaderCore (12)
[2015.05.14-08.36.30:327][714]LogModuleManager: Shutting down and abandoning module Landscape (11)
[2015.05.14-08.36.30:327][714]LogModuleManager: Shutting down and abandoning module SlateRHIRenderer (10)
[2015.05.14-08.36.30:333][714]LogModuleManager: Shutting down and abandoning module OpenGLDrv (9)
[2015.05.14-08.36.30:333][714]LogModuleManager: Shutting down and abandoning module D3D11RHI (8)
[2015.05.14-08.36.30:333][714]LogModuleManager: Shutting down and abandoning module Renderer (7)
[2015.05.14-08.36.30:333][714]LogModuleManager: Shutting down and abandoning module Engine (6)
[2015.05.14-08.36.30:333][714]LogModuleManager: Shutting down and abandoning module CoreUObject (5)
[2015.05.14-08.36.30:333][714]LogModuleManager: Shutting down and abandoning module NetworkFile (4)
[2015.05.14-08.36.30:333][714]LogModuleManager: Shutting down and abandoning module StreamingFile (3)
[2015.05.14-08.36.30:333][714]LogModuleManager: Shutting down and abandoning module SandboxFile (2)
[2015.05.14-08.36.30:333][714]LogModuleManager: Shutting down and abandoning module PakFile (1)
[2015.05.14-08.36.30:334][714]LogExit: Exiting.
[2015.05.14-08.36.30:345][714]Log file closed, 05/14/15 12:36:30
