Log file open, 05/17/15 17:15:33
LogInit:Display: Running engine for game: SuperGrid
LogInit: Version: 4.7.6-2513093+++depot+UE4-Releases+4.7
LogInit: API Version: 2455222
LogInit: Compiled (64-bit): Apr 15 2015 12:09:54
LogInit: Compiled with Visual C++: 18.00.21005.01
LogInit: Build Configuration: Development
LogInit: Branch Name: ++depot+UE4-Releases+4.7
LogInit: Command line:  
LogInit: Base directory: C:/oldy/Unreal Engine/4.7/Engine/Binaries/Win64/
LogInit: Rocket: 1
[2015.05.17-13.15.33:480][  0]LogTaskGraph: Started task graph with 3 named threads and 4 total threads.
[2015.05.17-13.15.33:546][  0]LogOnline:Warning: No default platform service specified for OnlineSubsystem
[2015.05.17-13.15.33:762][  0]LogInit: Presizing for 0 objects not considered by GC, pre-allocating 0 bytes.
[2015.05.17-13.15.33:782][  0]LogInit: Object subsystem initialized
[2015.05.17-13.15.33:786][  0]LogConsoleResponse:Warning: Skipping Unknown console variable: 'TranslucentSortAxis = (X=0.000000,Y=-1.000000,Z=0.000000)'
[2015.05.17-13.15.33:786][  0]LogConsoleResponse:Warning:   Found in ini file 'C:/Users/Алиса/Documents/Unreal Projects/SuperGrid/data/Saved/Config/Windows/Engine.ini', in section '[/Script/Engine.RendererSettings]'
[2015.05.17-13.15.33:786][  0]LogConsoleResponse:Warning: Skipping Unknown console variable: 'UIScaleRule = ShortestSide'
[2015.05.17-13.15.33:786][  0]LogConsoleResponse:Warning:   Found in ini file 'C:/Users/Алиса/Documents/Unreal Projects/SuperGrid/data/Saved/Config/Windows/Engine.ini', in section '[/Script/Engine.RendererSettings]'
[2015.05.17-13.15.33:786][  0]LogConsoleResponse:Warning: Skipping Unknown console variable: 'UIScaleCurve = (EditorCurveData=(Keys=),ExternalCurve=None)'
[2015.05.17-13.15.33:786][  0]LogConsoleResponse:Warning:   Found in ini file 'C:/Users/Алиса/Documents/Unreal Projects/SuperGrid/data/Saved/Config/Windows/Engine.ini', in section '[/Script/Engine.RendererSettings]'
[2015.05.17-13.15.33:788][  0]LogInit: Selected Device Profile: [Windows]
[2015.05.17-13.15.33:788][  0]LogInit: Applying CVar settings loaded from the selected device profile: [Windows]
[2015.05.17-13.15.33:903][  0]LogInit: Computer: АЛИСА-ПК
[2015.05.17-13.15.33:903][  0]LogInit: User: Алиса
[2015.05.17-13.15.33:903][  0]LogInit: CPU Page size=4096, Cores=2
[2015.05.17-13.15.33:903][  0]LogInit: High frequency timer resolution =2.601582 MHz
[2015.05.17-13.15.33:903][  0]LogMemory: Memory total: Physical=4.0GB (4GB approx) Virtual=8192.0GB
[2015.05.17-13.15.33:904][  0]LogMemory: Platform Memory Stats for Windows
[2015.05.17-13.15.33:904][  0]LogMemory: Process Physical Memory: 46.79 MB used, 46.79 MB peak
[2015.05.17-13.15.33:904][  0]LogMemory: Process Virtual Memory: 23.08 MB used, 23.09 MB peak
[2015.05.17-13.15.33:904][  0]LogMemory: Physical Memory: 2058.51 MB used, 4094.48 MB total
[2015.05.17-13.15.33:904][  0]LogMemory: Virtual Memory: 276.41 MB used, 8388608.00 MB total
[2015.05.17-13.15.34:169][  0]LogD3D11RHI: Found D3D11 adapter 0: NVIDIA GeForce GTX 770 (Feature Level 11_0)
[2015.05.17-13.15.34:169][  0]LogD3D11RHI: Adapter has 1991MB of dedicated video memory, 0MB of dedicated system memory, and 1791MB of shared system memory, 2 output[s]
[2015.05.17-13.15.34:169][  0]LogD3D11RHI: Chosen D3D11 Adapter Id = 0
[2015.05.17-13.15.34:180][  0]LogRHI: Texture pool is 1361 MB (70% of 1945 MB)
[2015.05.17-13.15.34:197][  0]LogD3D11RHI: Async texture creation enabled
[2015.05.17-13.15.35:913][  0]LogTextLocalizationManager: The requested culture ('en_150') has no localization data; falling back to 'en' for localization and internationalization data.
[2015.05.17-13.15.36:266][  0]LogTextLocalizationManager:Warning: Loading localization resources contain conflicting entries for (Namespace:UICommands, Key:Save_ToolTip):
Resource: (C:/oldy/Unreal Engine/4.7/Engine/Content/Localization/Editor/en/Editor.locres) Hash: (-29098895) String: (Saves the current level to disk)
Resource: (C:/oldy/Unreal Engine/4.7/Engine/Content/Localization/Engine/en/Engine.locres) Hash: (-1280300587) String: (Save selected data to vlog file)
[2015.05.17-13.15.36:266][  0]LogTextLocalizationManager:Warning: Loading localization resources contain conflicting entries for (Namespace:ContentBrowser, Key:ImportAssetToolTip):
Resource: (C:/oldy/Unreal Engine/4.7/Engine/Content/Localization/Editor/en/Editor.locres) Hash: (-630476809) String: (Import to {0}...)
Resource: (C:/oldy/Unreal Engine/4.7/Engine/Content/Localization/Editor/en/Editor.locres) Hash: (1271782899) String: (Imports an asset from file to this folder.)
[2015.05.17-13.15.36:404][  0]LogContentStreaming: Texture pool size is 0.000000MB
[2015.05.17-13.15.50:525][  0]LogTargetPlatformManager:Display: Building Assets For Windows
[2015.05.17-13.15.53:061][  0]LogTargetPlatformManager:Display: Building Assets For Windows
[2015.05.17-13.15.53:292][  0]LogDerivedDataCache:Display: Max Cache Size: 512 MB
[2015.05.17-13.15.54:643][  0]LogDerivedDataCache: Loaded boot cache 1.31s 39MB C:/Users/Алиса/AppData/Local/UnrealEngine/4.7/DerivedDataCache/Boot.ddc.
[2015.05.17-13.15.54:643][  0]LogDerivedDataCache:Display: Loaded Boot cache: C:/Users/Алиса/AppData/Local/UnrealEngine/4.7/DerivedDataCache/Boot.ddc
[2015.05.17-13.15.54:643][  0]LogDerivedDataCache: FDerivedDataBackendGraph:  Pak pak cache file ../../../../../../Users/Алиса/Documents/Unreal Projects/SuperGrid/data/DerivedDataCache/DDC.ddp not found, will not use a pak cache.
[2015.05.17-13.15.54:643][  0]LogDerivedDataCache: Unable to find inner node Pak for hierarchical cache Hierarchy.
[2015.05.17-13.15.54:944][  0]LogDerivedDataCache:Display: Pak cache opened for reading ../../../Engine/DerivedDataCache/Compressed.ddp.
[2015.05.17-13.15.54:956][  0]LogDerivedDataCache: Using Local data cache path C:/Users/Алиса/AppData/Local/UnrealEngine/Common/DerivedDataCache: Writable
[2015.05.17-13.16.06:766][  0]LogMeshUtilities: No automatic mesh reduction module available
[2015.05.17-13.16.06:766][  0]LogMeshUtilities: No automatic mesh merging module available
[2015.05.17-13.16.11:531][  0]LogInit: WinSock: version 1.1 (2.2), MaxSocks=32767, MaxUdp=65467
[2015.05.17-13.16.12:153][  0]LogSlate:Warning: Failed to load font data from '../../../Engine/Content/Slate/Fonts/Roboto-Italic.ttf'
[2015.05.17-13.17.06:194][  0]UdpMessaging: Initializing bridge on interface 0.0.0.0:0 to multicast group 230.0.0.1:6666.
[2015.05.17-13.17.07:842][  0]SourceControl: Info Source control is disabled
[2015.05.17-13.17.07:843][  0]SourceControl: Info Source control is disabled
[2015.05.17-13.17.07:843][  0]SourceControl: Info Source control is disabled
[2015.05.17-13.17.07:843][  0]LogSourceControl: RunCommandInternalRaw: 'git version'
[2015.05.17-13.17.07:843][  0]LogSourceControl: RunCommandInternalRaw: ExecProcess ReturnCode=2 OutResults=''
[2015.05.17-13.17.07:873][  0]SourceControl: Info Source control is disabled
[2015.05.17-13.17.09:806][  0]LogObj: 24232 objects as part of root set at end of initial load.
[2015.05.17-13.17.09:806][  0]LogUObjectAllocator: 5137176 out of 0 bytes used by permanent object pool.
[2015.05.17-13.17.10:203][  0]LogEngine: Initializing Engine...
[2015.05.17-13.17.15:000][  0]LogInit: XAudio2 using 'Multichannel (M-Audio FW 410)' : 2 channels at 44.1 kHz using 32 bits per sample (channel mask 0x3)
[2015.05.17-13.17.15:034][  0]LogInit: FAudioDevice initialized.
[2015.05.17-13.17.15:199][  0]LogAIModule: Creating AISystem for world NewWorld
[2015.05.17-13.17.15:249][  0]LogDerivedDataCache: Saved boot cache 0.05s 39MB C:/Users/Алиса/AppData/Local/UnrealEngine/4.7/DerivedDataCache/Boot.ddc.
[2015.05.17-13.17.15:271][  0]LogInit: Texture streaming: Enabled
[2015.05.17-13.17.16:796][  0]LogAnalytics: Creating configured Analytics provider AnalyticsET
[2015.05.17-13.17.16:796][  0]LogAnalytics: ET APIKey = Rocket.Release. APIServer = http://et2.epicgames.com/ET2/. AppVersion = 4.7.6-2513093+++depot+UE4-Releases+4.7
[2015.05.17-13.17.16:796][  0]LogAnalytics: ET APIKey = Rocket.Release. DataRouterUploadURL = https://datarouter-public-service-gamedev.ol.epicgames.net/datarouter/api/v1/public/data. AppVersion = 4.7.6-2513093+++depot+UE4-Releases+4.7
[2015.05.17-13.17.16:796][  0]LogAnalytics: SetUserId aeef9a164530fe21c7fb8490ca6aef72|abce1f51c3724dbf8931514ab6607584|2a1457f2-9a6c-4613-a88f-c791ec52ccf8
[2015.05.17-13.17.16:797][  0]LogAnalytics: AnalyticsET::StartSession [Rocket.Release]
[2015.05.17-13.17.16:928][  0]LogInit: Transaction tracking system initialized
[2015.05.17-13.17.19:367][  0]BlueprintLog: New page: Editor Load
[2015.05.17-13.17.19:492][  0]LogAssetRegistry: FAssetRegistry took 0.0094 seconds to start up
[2015.05.17-13.17.19:493][  0]LogDirectoryWatcher:Warning: Failed to begin reading directory changes for ../../../Engine/Plugins/Experimental/CharacterAI/Content/. Error: 0
[2015.05.17-13.17.23:794][  0]LogTargetPlatformManager:Display: Building Assets For Windows
[2015.05.17-13.17.24:681][  0]LogTargetPlatformManager:Display: Building Assets For Windows
[2015.05.17-13.17.27:179][  0]LogLinker:Warning: Can't find file '/Game/FirstPersonBP/FirstPersonOverview'
[2015.05.17-13.17.27:179][  0]LogLinker:Warning: Can't find file '/Game/FirstPersonBP/FirstPersonOverview'
[2015.05.17-13.17.27:179][  0]LogUObjectGlobals:Warning: Failed to find object 'Class /Game/FirstPersonBP/FirstPersonOverview.FirstPersonOverview_C'
[2015.05.17-13.17.27:491][  0]LogSlate:Warning: Failed to load font data from '../../../Engine/Content/Editor/Slate/Fonts/Roboto-Regular.ttf'
[2015.05.17-13.17.27:492][  0]LogSlate:Warning: Failed to load font data from '../../../Engine/Content/Editor/Slate/Fonts/Roboto-Bold.ttf'
[2015.05.17-13.17.27:753][  0]LogConsoleResponse:Display: 
[2015.05.17-13.17.32:232][  0]LogCook:Display: Done creating registry. It took  0.00s.
[2015.05.17-13.17.34:990][  0]SourceControl: Info Source control is disabled
[2015.05.17-13.17.34:990][  0]Cmd: MAP LOAD FILE="../../../../../../Users/Алиса/Documents/Unreal Projects/SuperGrid/data/Content/SuperGrid/Tutorial/TutorialMap.umap" TEMPLATE=0 SHOWPROGRESS=1 FEATURELEVEL=3
[2015.05.17-13.17.35:123][  0]LightingResults: New page: Lighting Build
[2015.05.17-13.17.35:179][  0]MapCheck: New page: Map Check
[2015.05.17-13.17.35:179][  0]LightingResults: New page: Lighting Build
[2015.05.17-13.17.35:205][  0]LogParticles: Destroying 0 GPU particle simulations for FXSystem 0x0000000012F5BB00
[2015.05.17-13.18.15:355][  0]LogEditorServer: Finished looking for orphan Actors (0.000 secs)
[2015.05.17-13.18.20:687][  0]LogAIModule: Creating AISystem for world TutorialMap
[2015.05.17-13.18.20:689][  0]Cmd: MAP CHECKDEP
[2015.05.17-13.18.20:689][  0]MapCheck: New page: TutorialMap - May 17, 2015, 9:18:20 PM
[2015.05.17-13.18.21:118][  0]MapCheck: Info Map check complete: 0 Error(s), 0 Warning(s), took 428.91ms to complete.
[2015.05.17-13.18.21:118][  0]LogFileHelpers: Loading map 'TutorialMap' took 46.127
[2015.05.17-13.18.22:042][  0]LogCrashTracker: Crashtracker disabled due to settings.
[2015.05.17-13.18.22:044][  0]LogSlate:Warning: Failed to load font data from 'Veranda'
[2015.05.17-13.18.22:196][  0]LogCollectionManager: Loaded 2 collections in 0.031867 seconds
[2015.05.17-13.18.22:226][  0]LogContentBrowser: Native class hierarchy populated in 0.0299 seconds. Added 1697 classes and 263 folders.
[2015.05.17-13.18.22:298][  0]LogUObjectGlobals:Warning: Failed to find object 'Class None.'
[2015.05.17-13.18.22:467][  0]LogLoad: Full Startup: 177.94 seconds (BP compile: 4.53 seconds)
[2015.05.17-13.18.22:878][  0]LogContentBrowser:Verbose: The content browser source was changed by the sources view to '/Game/SuperGrid/Tutorial/Blueprints'
[2015.05.17-13.18.23:624][  0]LogRenderer:Warning: Reallocating scene render targets to support 32x32 (Frame:2).
[2015.05.17-13.18.24:271][  0]LogRenderer:Warning: Reallocating scene render targets to support 960x904 (Frame:6).
[2015.05.17-13.18.27:361][  9]LogAssetRegistry: Asset discovery search completed in 67.8791 seconds
[2015.05.17-13.19.15:934][664]LogEditorViewport: Clicking on Actor (LMB): BP_Walls_C (BP_Walls)
[2015.05.17-13.19.18:578][774]LogEditorViewport: Clicking on Actor (LMB): BP_Walls_C (BP_Walls)
[2015.05.17-13.19.18:615][774]LogEditorViewport: Clicking on Component (LMB): StaticMeshComponent (Wall_Left_Top)
[2015.05.17-13.19.20:086][822]LogEditorViewport: Clicking on Component (LMB): StaticMeshComponent (Wall_Left)
[2015.05.17-13.19.20:855][854]LogEditorViewport: Clicking on Component (LMB): StaticMeshComponent (Wall_Left_Top)
[2015.05.17-13.19.21:415][875]LogEditorViewport: Clicking on Actor (LMB): StaticMeshActor (SuperGrid_BoxHollow10)
[2015.05.17-13.19.22:273][909]LogEditorViewport: Clicking on Actor (LMB): BP_Walls_C (BP_Walls)
[2015.05.17-13.19.32:541][299]Cmd: DELETE
[2015.05.17-13.19.32:542][299]Cmd: ACTOR DELETE
[2015.05.17-13.19.32:555][299]LogEditorActor: Deleted Actor: BP_Ceiling_C
[2015.05.17-13.19.32:556][299]LogActorComponent: UnregisterComponent: (/Engine/Transient.RotatingMovementComponent_0) Not registered. Aborting.
[2015.05.17-13.19.32:556][299]LogActorComponent: UnregisterComponent: (/Engine/Transient.RotatingMovementComponent_1) Not registered. Aborting.
[2015.05.17-13.19.32:690][299]LogEditorActor: Deleted 1 Actors (0.148 secs)
[2015.05.17-13.19.35:862][444]Cmd: DELETE
[2015.05.17-13.19.35:862][444]Cmd: ACTOR DELETE
[2015.05.17-13.19.35:878][444]LogEditorActor: Deleted Actor: BP_LearningPoint_C
[2015.05.17-13.19.35:879][444]LogActorComponent: UnregisterComponent: (/Engine/Transient.RotatingMovementComponent_0) Not registered. Aborting.
[2015.05.17-13.19.35:879][444]LogActorComponent: UnregisterComponent: (/Engine/Transient.RotatingMovementComponent_2) Not registered. Aborting.
[2015.05.17-13.19.35:939][444]LogEditorActor: Deleted 1 Actors (0.076 secs)
[2015.05.17-13.19.37:684][502]LogPrimitiveComponent: Zero scaling not supported (/Game/SuperGrid/Tutorial/TutorialMap.TutorialMap:PersistentLevel.BP_LightSphere.Cone)
[2015.05.17-13.19.37:746][502]LogPrimitiveComponent: Zero scaling not supported (/Game/SuperGrid/Tutorial/TutorialMap.TutorialMap:PersistentLevel.BP_LightSphere_17.Cone)
[2015.05.17-13.19.38:544][533]Cmd: DELETE
[2015.05.17-13.19.38:544][533]Cmd: ACTOR DELETE
[2015.05.17-13.19.38:557][533]LogEditorActor: Deleted Actor: BP_LightSphere_C
[2015.05.17-13.19.38:558][533]LogActorComponent: UnregisterComponent: (/Engine/Transient.RotatingMovementComponent_0) Not registered. Aborting.
[2015.05.17-13.19.38:558][533]LogActorComponent: UnregisterComponent: (/Engine/Transient.RotatingMovementComponent_3) Not registered. Aborting.
[2015.05.17-13.19.38:619][533]LogEditorActor: Deleted 1 Actors (0.075 secs)
[2015.05.17-13.19.50:412][888]LogRenderer:Warning: Reallocating scene render targets to support 1000x904 (Frame:5031).
[2015.05.17-13.20.09:458][722]LogActorComponent: UnregisterComponent: (/Engine/Transient.SkeletalMeshComponent_0) Not registered. Aborting.
[2015.05.17-13.20.09:527][722]LogActorComponent: UnregisterComponent: (/Engine/Transient.SkeletalMeshComponent_0) Not registered. Aborting.
[2015.05.17-13.20.09:527][722]LogActorComponent: RegisterComponentWithWorld: (/Engine/Transient.MaterialEditorMeshComponent_0) Already registered. Aborting.
[2015.05.17-13.20.09:593][722]LogRenderer:Warning: Reallocating scene render targets to support 1224x904 (Frame:6423).
[2015.05.17-13.20.23:183][483]LogActorComponent: UnregisterComponent: (/Engine/Transient.RotatingMovementComponent_0) Not registered. Aborting.
[2015.05.17-13.20.23:183][483]LogActorComponent: UnregisterComponent: (/Engine/Transient.RotatingMovementComponent_4) Not registered. Aborting.
[2015.05.17-13.22.05:700][183]LogSavePackage: Save=464.504669ms
[2015.05.17-13.22.05:700][183]LogSavePackage: Moving '../../../../../../Users/Алиса/Documents/Unreal Projects/SuperGrid/data/Saved/BP_Walls1F246B34473FB8174D671989CB6122A4.tmp' to '../../../../../../Users/Алиса/Documents/Unreal Projects/SuperGrid/data/Content/SuperGrid/Tutorial/Blueprints/BP_Walls.uasset'
[2015.05.17-13.22.18:591][879]LogEditorViewport: Clicking on Actor (LMB): StaticMeshActor (SuperGrid_Box32)
[2015.05.17-13.22.19:480][912]Cmd: DELETE
[2015.05.17-13.22.19:480][912]Cmd: ACTOR DELETE
[2015.05.17-13.22.19:495][912]LogEditorActor: Deleted Actor: StaticMeshActor
[2015.05.17-13.22.19:598][912]LogEditorActor: Deleted 1 Actors (0.118 secs)
[2015.05.17-13.22.20:052][934]LogEditorViewport: Clicking on Actor (LMB): StaticMeshActor (SuperGrid_Box28)
[2015.05.17-13.22.20:175][936]Cmd: DELETE
[2015.05.17-13.22.20:175][936]Cmd: ACTOR DELETE
[2015.05.17-13.22.20:189][936]LogEditorActor: Deleted Actor: StaticMeshActor
[2015.05.17-13.22.20:277][936]LogEditorActor: Deleted 1 Actors (0.102 secs)
[2015.05.17-13.22.20:932][968]LogEditorViewport: Clicking on Actor (LMB): StaticMeshActor (SuperGrid_Box49)
[2015.05.17-13.22.21:056][970]Cmd: DELETE
[2015.05.17-13.22.21:056][970]Cmd: ACTOR DELETE
[2015.05.17-13.22.21:071][970]LogEditorActor: Deleted Actor: StaticMeshActor
[2015.05.17-13.22.21:157][970]LogEditorActor: Deleted 1 Actors (0.102 secs)
[2015.05.17-13.22.24:647][145]LogEditorViewport: Clicking on Actor (LMB): StaticMeshActor (SuperGrid_Slope5)
[2015.05.17-13.22.25:340][171]Cmd: DELETE
[2015.05.17-13.22.25:340][171]Cmd: ACTOR DELETE
[2015.05.17-13.22.25:354][171]LogEditorActor: Deleted Actor: StaticMeshActor
[2015.05.17-13.22.25:444][171]LogEditorActor: Deleted 1 Actors (0.104 secs)
[2015.05.17-13.22.26:106][204]LogEditorViewport: Clicking on Actor (LMB): StaticMeshActor (SuperGrid_Box37)
[2015.05.17-13.22.26:232][206]Cmd: DELETE
[2015.05.17-13.22.26:232][206]Cmd: ACTOR DELETE
[2015.05.17-13.22.26:246][206]LogEditorActor: Deleted Actor: StaticMeshActor
[2015.05.17-13.22.26:335][206]LogEditorActor: Deleted 1 Actors (0.103 secs)
[2015.05.17-13.22.26:923][235]LogEditorViewport: Clicking on Actor (LMB): StaticMeshActor (SuperGrid_Box31)
[2015.05.17-13.22.28:675][308]LogEditorViewport: Clicking on Actor (LMB): StaticMeshActor (SuperGrid_Box33)
[2015.05.17-13.22.29:976][358]Cmd: DELETE
[2015.05.17-13.22.29:976][358]Cmd: ACTOR DELETE
[2015.05.17-13.22.29:992][358]LogEditorActor: Deleted Actor: StaticMeshActor
[2015.05.17-13.22.30:080][358]LogEditorActor: Deleted 1 Actors (0.103 secs)
[2015.05.17-13.22.33:353][516]LogEditorViewport: Clicking on Actor (LMB): StaticMeshActor (SuperGrid_BoxHollow3)
[2015.05.17-13.22.34:194][549]Cmd: DELETE
[2015.05.17-13.22.34:194][549]Cmd: ACTOR DELETE
[2015.05.17-13.22.34:210][549]LogEditorActor: Deleted Actor: StaticMeshActor
[2015.05.17-13.22.34:299][549]LogEditorActor: Deleted 1 Actors (0.104 secs)
[2015.05.17-13.22.34:791][570]LogEditorViewport: Clicking on Actor (LMB): StaticMeshActor (SuperGrid_Box17)
[2015.05.17-13.22.34:891][571]Cmd: DELETE
[2015.05.17-13.22.34:891][571]Cmd: ACTOR DELETE
[2015.05.17-13.22.34:906][571]LogEditorActor: Deleted Actor: StaticMeshActor
[2015.05.17-13.22.34:994][571]LogEditorActor: Deleted 1 Actors (0.103 secs)
[2015.05.17-13.22.35:585][600]LogEditorViewport: Clicking on Actor (LMB): StaticMeshActor (SuperGrid_BoxHollow4)
[2015.05.17-13.22.35:703][602]Cmd: DELETE
[2015.05.17-13.22.35:703][602]Cmd: ACTOR DELETE
[2015.05.17-13.22.35:719][602]LogEditorActor: Deleted Actor: StaticMeshActor
[2015.05.17-13.22.35:807][602]LogEditorActor: Deleted 1 Actors (0.105 secs)
[2015.05.17-13.22.36:419][631]LogEditorViewport: Clicking on Actor (LMB): StaticMeshActor (SuperGrid_Slope3)
[2015.05.17-13.22.36:581][635]Cmd: DELETE
[2015.05.17-13.22.36:581][635]Cmd: ACTOR DELETE
[2015.05.17-13.22.36:597][635]LogEditorActor: Deleted Actor: StaticMeshActor
[2015.05.17-13.22.36:684][635]LogEditorActor: Deleted 1 Actors (0.103 secs)
[2015.05.17-13.22.38:014][699]LogEditorViewport: Clicking on Actor (LMB): StaticMeshActor (SuperGrid_Box36)
[2015.05.17-13.22.38:610][719]Cmd: DELETE
[2015.05.17-13.22.38:610][719]Cmd: ACTOR DELETE
[2015.05.17-13.22.38:631][719]LogEditorActor: Deleted Actor: StaticMeshActor
[2015.05.17-13.22.38:720][719]LogEditorActor: Deleted 1 Actors (0.110 secs)
[2015.05.17-13.22.39:204][742]LogEditorViewport: Clicking on Actor (LMB): BP_Lamp_C (Sample_Lamp14)
[2015.05.17-13.22.39:477][750]Cmd: DELETE
[2015.05.17-13.22.39:477][750]Cmd: ACTOR DELETE
[2015.05.17-13.22.39:493][750]LogEditorActor: Deleted Actor: BP_Lamp_C
[2015.05.17-13.22.39:581][750]LogEditorActor: Deleted 1 Actors (0.104 secs)
[2015.05.17-13.22.49:097][198]LogEditorViewport: Clicking on Actor (LMB): StaticMeshActor (SuperGrid_Box65)
[2015.05.17-13.22.57:323][517]LogEditorViewport: Clicking on Actor (LMB): StaticMeshActor (SuperGrid_BoxHollow8)
[2015.05.17-13.22.58:827][565]LogEditorViewport: Clicking on Actor (LMB): StaticMeshActor (SuperGrid_Box34)
[2015.05.17-13.23.00:119][612]Cmd: DELETE
[2015.05.17-13.23.00:120][612]Cmd: ACTOR DELETE
[2015.05.17-13.23.00:135][612]LogEditorActor: Deleted Actor: StaticMeshActor
[2015.05.17-13.23.00:223][612]LogEditorActor: Deleted 1 Actors (0.102 secs)
[2015.05.17-13.23.05:615][880]LogEditorViewport: Clicking on Actor (LMB): StaticMeshActor (SuperGrid_BoxHollow8)
[2015.05.17-13.23.08:101][980]LogEditorViewport: Clicking on Actor (LMB): StaticMeshActor (SuperGrid_Slope6)
[2015.05.17-13.23.08:869][ 12]Cmd: DELETE
[2015.05.17-13.23.08:869][ 12]Cmd: ACTOR DELETE
[2015.05.17-13.23.08:883][ 12]LogEditorActor: Deleted Actor: StaticMeshActor
[2015.05.17-13.23.08:971][ 12]LogEditorActor: Deleted 1 Actors (0.101 secs)
[2015.05.17-13.23.19:907][606]LogEditorViewport: Clicking on Actor (LMB): StaticMeshActor (SuperGrid_Slope4)
[2015.05.17-13.23.20:784][642]Cmd: DELETE
[2015.05.17-13.23.20:784][642]Cmd: ACTOR DELETE
[2015.05.17-13.23.20:801][642]LogEditorActor: Deleted Actor: StaticMeshActor
[2015.05.17-13.23.20:891][642]LogEditorActor: Deleted 1 Actors (0.106 secs)
[2015.05.17-13.23.23:830][787]LogEditorViewport: Clicking on Actor (LMB): StaticMeshActor (SuperGrid_BoxHollow7)
[2015.05.17-13.23.28:905][989]LogEditorViewport: Clicking on Actor (LMB): StaticMeshActor (SuperGrid_Box66)
[2015.05.17-13.23.43:452][592]LogEditorViewport: Clicking on Actor (LMB): LightmassImportanceVolume (LightmassImportanceVolume)
[2015.05.17-13.23.44:303][622]LogEditorViewport: Clicking on Actor (LMB): StaticMeshActor (SuperGrid_Box65)
[2015.05.17-13.24.18:485][763]LightingResults: New page: Lighting Build
[2015.05.17-13.24.18:501][763]MapCheck: New page: Map Check
[2015.05.17-13.24.18:501][763]LightingResults: New page: Lighting Build
[2015.05.17-13.24.18:596][763]LogParticles: Destroying 0 GPU particle simulations for FXSystem 0x000000001BC75760
[2015.05.17-13.24.18:751][763]LogAIModule: Creating AISystem for world NewWorld
[2015.05.17-13.24.18:767][763]LoadErrors: New page: New Map
[2015.05.17-13.24.41:023][192]Cmd: CLOSE_SLATE_MAINFRAME
[2015.05.17-13.24.43:521][193]Cmd: QUIT_EDITOR
[2015.05.17-13.24.44:231][193]LogExit: Preparing to exit.
[2015.05.17-13.24.45:449][193]LogExit: Editor shut down
[2015.05.17-13.24.45:450][193]LogExit: Transaction tracking system shut down
[2015.05.17-13.24.45:453][193]LogParticles: Destroying 0 GPU particle simulations for FXSystem 0x000000001500C400
[2015.05.17-13.24.45:459][193]LogParticles: Destroying 0 GPU particle simulations for FXSystem 0x0000000014A8C680
[2015.05.17-13.24.45:460][193]LogParticles: Destroying 0 GPU particle simulations for FXSystem 0x000000002E6E4E00
[2015.05.17-13.24.45:460][193]LogParticles: Destroying 0 GPU particle simulations for FXSystem 0x00000000303E9DA0
[2015.05.17-13.24.45:461][193]LogParticles: Destroying 0 GPU particle simulations for FXSystem 0x00000000303E84A0
[2015.05.17-13.24.45:461][193]LogParticles: Destroying 0 GPU particle simulations for FXSystem 0x0000000019A30860
[2015.05.17-13.24.45:461][193]LogParticles: Destroying 0 GPU particle simulations for FXSystem 0x00000000150D1BC0
[2015.05.17-13.24.45:598][193]LogExit: Object subsystem successfully closed.
[2015.05.17-13.24.45:711][193]LogModuleManager: Shutting down and abandoning module NewLevelDialog (179)
[2015.05.17-13.24.45:711][193]LogModuleManager: Shutting down and abandoning module MaterialEditor (178)
[2015.05.17-13.24.45:711][193]LogModuleManager: Shutting down and abandoning module EditorWidgets (177)
[2015.05.17-13.24.45:711][193]LogModuleManager: Shutting down and abandoning module CollectionManager (176)
[2015.05.17-13.24.45:711][193]LogModuleManager: Shutting down and abandoning module CrashTracker (175)
[2015.05.17-13.24.45:711][193]LogModuleManager: Shutting down and abandoning module SuperSearch (174)
[2015.05.17-13.24.45:711][193]LogModuleManager: Shutting down and abandoning module SceneOutliner (173)
[2015.05.17-13.24.45:711][193]LogModuleManager: Shutting down and abandoning module StatsViewer (172)
[2015.05.17-13.24.45:711][193]LogModuleManager: Shutting down and abandoning module FoliageEdit (171)
[2015.05.17-13.24.45:711][193]LogModuleManager: Shutting down and abandoning module LandscapeEditor (170)
[2015.05.17-13.24.45:712][193]LogModuleManager: Shutting down and abandoning module MeshPaint (169)
[2015.05.17-13.24.45:712][193]LogModuleManager: Shutting down and abandoning module ActorPickerMode (168)
[2015.05.17-13.24.45:712][193]LogModuleManager: Shutting down and abandoning module GeometryMode (167)
[2015.05.17-13.24.45:712][193]LogModuleManager: Shutting down and abandoning module TextureAlignMode (166)
[2015.05.17-13.24.45:712][193]LogModuleManager: Shutting down and abandoning module BspMode (165)
[2015.05.17-13.24.45:712][193]LogModuleManager: Shutting down and abandoning module PlacementMode (164)
[2015.05.17-13.24.45:712][193]LogModuleManager: Shutting down and abandoning module AutomationWorker (163)
[2015.05.17-13.24.45:712][193]LogModuleManager: Shutting down and abandoning module CharacterAI (162)
[2015.05.17-13.24.45:712][193]LogModuleManager: Shutting down and abandoning module SmartSnapping (161)
[2015.05.17-13.24.45:712][193]LogModuleManager: Shutting down and abandoning module ViewportSnapping (160)
[2015.05.17-13.24.45:712][193]LogModuleManager: Shutting down and abandoning module LogVisualizer (159)
[2015.05.17-13.24.45:712][193]LogModuleManager: Shutting down and abandoning module GameProjectGeneration (158)
[2015.05.17-13.24.45:712][193]LogModuleManager: Shutting down and abandoning module IntroTutorials (157)
[2015.05.17-13.24.45:712][193]LogModuleManager: Shutting down and abandoning module EditorLiveStreaming (156)
[2015.05.17-13.24.45:712][193]LogModuleManager: Shutting down and abandoning module HardwareTargeting (155)
[2015.05.17-13.24.45:712][193]LogModuleManager: Shutting down and abandoning module DeviceProfileEditor (154)
[2015.05.17-13.24.45:712][193]LogModuleManager: Shutting down and abandoning module UndoHistory (153)
[2015.05.17-13.24.45:712][193]LogModuleManager: Shutting down and abandoning module GameplayTagsEditor (152)
[2015.05.17-13.24.45:712][193]LogModuleManager: Shutting down and abandoning module UserFeedback (151)
[2015.05.17-13.24.45:712][193]LogModuleManager: Shutting down and abandoning module XmlParser (150)
[2015.05.17-13.24.45:712][193]LogModuleManager: Shutting down and abandoning module Blutility (149)
[2015.05.17-13.24.45:712][193]LogModuleManager: Shutting down and abandoning module IOSPlatformEditor (148)
[2015.05.17-13.24.45:713][193]LogModuleManager: Shutting down and abandoning module IOSRuntimeSettings (147)
[2015.05.17-13.24.45:713][193]LogModuleManager: Shutting down and abandoning module AndroidDeviceDetection (146)
[2015.05.17-13.24.46:601][193]LogModuleManager: Shutting down and abandoning module AndroidPlatformEditor (145)
[2015.05.17-13.24.46:601][193]LogModuleManager: Shutting down and abandoning module AndroidRuntimeSettings (144)
[2015.05.17-13.24.46:601][193]LogModuleManager: Shutting down and abandoning module ProjectTargetPlatformEditor (143)
[2015.05.17-13.24.46:601][193]LogModuleManager: Shutting down and abandoning module ProjectSettingsViewer (142)
[2015.05.17-13.24.46:601][193]LogModuleManager: Shutting down and abandoning module InputBindingEditor (141)
[2015.05.17-13.24.46:601][193]LogModuleManager: Shutting down and abandoning module EditorSettingsViewer (140)
[2015.05.17-13.24.46:602][193]LogModuleManager: Shutting down and abandoning module SettingsEditor (139)
[2015.05.17-13.24.46:602][193]LogModuleManager: Shutting down and abandoning module ProjectLauncher (138)
[2015.05.17-13.24.46:602][193]LogModuleManager: Shutting down and abandoning module SessionFrontend (137)
[2015.05.17-13.24.46:602][193]LogModuleManager: Shutting down and abandoning module ProfilerClient (136)
[2015.05.17-13.24.46:602][193]LogModuleManager: Shutting down and abandoning module TargetDeviceServices (135)
[2015.05.17-13.24.46:602][193]LogModuleManager: Shutting down and abandoning module DeviceManager (134)
[2015.05.17-13.24.46:602][193]LogModuleManager: Shutting down and abandoning module AutomationController (133)
[2015.05.17-13.24.46:602][193]LogModuleManager: Shutting down and abandoning module AutomationWindow (132)
[2015.05.17-13.24.46:602][193]LogModuleManager: Shutting down and abandoning module Layers (131)
[2015.05.17-13.24.46:602][193]LogModuleManager: Shutting down and abandoning module ComponentVisualizers (130)
[2015.05.17-13.24.46:602][193]LogModuleManager: Shutting down and abandoning module DetailCustomizations (129)
[2015.05.17-13.24.46:602][193]LogModuleManager: Shutting down and abandoning module PackagesDialog (128)
[2015.05.17-13.24.46:602][193]LogModuleManager: Shutting down and abandoning module AssetRegistry (127)
[2015.05.17-13.24.46:668][193]LogModuleManager: Shutting down and abandoning module Persona (126)
[2015.05.17-13.24.46:668][193]LogModuleManager: Shutting down and abandoning module SlateReflector (125)
[2015.05.17-13.24.46:668][193]LogModuleManager: Shutting down and abandoning module LevelEditor (124)
[2015.05.17-13.24.46:669][193]LogModuleManager: Shutting down and abandoning module Kismet (123)
[2015.05.17-13.24.46:669][193]LogModuleManager: Shutting down and abandoning module GraphEditor (122)
[2015.05.17-13.24.46:670][193]LogModuleManager: Shutting down and abandoning module ClassViewer (121)
[2015.05.17-13.24.46:670][193]LogModuleManager: Shutting down and abandoning module Toolbox (120)
[2015.05.17-13.24.46:670][193]LogModuleManager: Shutting down and abandoning module ModuleUI (119)
[2015.05.17-13.24.46:670][193]LogModuleManager: Shutting down and abandoning module MovieSceneTools (118)
[2015.05.17-13.24.46:670][193]LogModuleManager: Shutting down and abandoning module OutputLog (117)
[2015.05.17-13.24.46:670][193]LogModuleManager: Shutting down and abandoning module GammaUI (116)
[2015.05.17-13.24.46:670][193]LogModuleManager: Shutting down and abandoning module Documentation (115)
[2015.05.17-13.24.46:670][193]LogModuleManager: Shutting down and abandoning module GameLiveStreaming (114)
[2015.05.17-13.24.46:670][193]LogModuleManager: Shutting down and abandoning module StreamingPauseRendering (113)
[2015.05.17-13.24.46:670][193]LogModuleManager: Shutting down and abandoning module HTTP (112)
[2015.05.17-13.24.46:670][193]LogModuleManager: Shutting down and abandoning module AnalyticsET (111)
[2015.05.17-13.24.46:670][193]LogModuleManager: Shutting down and abandoning module Analytics (110)
[2015.05.17-13.24.46:670][193]LogModuleManager: Shutting down and abandoning module AITestSuite (109)
[2015.05.17-13.24.46:670][193]LogModuleManager: Shutting down and abandoning module GameplayDebugger (108)
[2015.05.17-13.24.46:670][193]LogModuleManager: Shutting down and abandoning module AIModule (107)
[2015.05.17-13.24.46:670][193]LogModuleManager: Shutting down and abandoning module ProfilerService (106)
[2015.05.17-13.24.46:852][193]LogModuleManager: Shutting down and abandoning module TaskGraph (105)
[2015.05.17-13.24.46:852][193]LogModuleManager: Shutting down and abandoning module SlateRemote (104)
[2015.05.17-13.24.46:852][193]LogModuleManager: Shutting down and abandoning module ScriptEditorPlugin (103)
[2015.05.17-13.24.46:852][193]LogModuleManager: Shutting down and abandoning module CustomMeshComponent (102)
[2015.05.17-13.24.46:852][193]LogModuleManager: Shutting down and abandoning module CableComponent (101)
[2015.05.17-13.24.46:852][193]LogModuleManager: Shutting down and abandoning module MessagingDebugger (100)
[2015.05.17-13.24.46:852][193]LogModuleManager: Shutting down and abandoning module MediaPlayerEditor (99)
[2015.05.17-13.24.46:852][193]LogModuleManager: Shutting down and abandoning module SpeedTreeImporter (98)
[2015.05.17-13.24.46:852][193]LogModuleManager: Shutting down and abandoning module PluginsEditor (97)
[2015.05.17-13.24.46:852][193]LogModuleManager: Shutting down and abandoning module MainFrame (96)
[2015.05.17-13.24.46:852][193]LogModuleManager: Shutting down and abandoning module EpicSurvey (95)
[2015.05.17-13.24.46:852][193]LogModuleManager: Shutting down and abandoning module DesktopPlatform (94)
[2015.05.17-13.24.46:852][193]LogModuleManager: Shutting down and abandoning module DirectoryWatcher (93)
[2015.05.17-13.24.46:853][193]LogModuleManager: Shutting down and abandoning module HotReload (92)
[2015.05.17-13.24.46:853][193]LogModuleManager: Shutting down and abandoning module VisualStudioSourceCodeAccess (91)
[2015.05.17-13.24.46:853][193]LogModuleManager: Shutting down and abandoning module UObjectPlugin (90)
[2015.05.17-13.24.46:853][193]LogModuleManager: Shutting down and abandoning module SubversionSourceControl (89)
[2015.05.17-13.24.46:853][193]LogModuleManager: Shutting down and abandoning module PerforceSourceControl (88)
[2015.05.17-13.24.46:853][193]LogModuleManager: Shutting down and abandoning module SourceControl (87)
[2015.05.17-13.24.46:853][193]LogModuleManager: Shutting down and abandoning module GitSourceControl (86)
[2015.05.17-13.24.46:853][193]LogModuleManager: Shutting down and abandoning module BlankPlugin (85)
[2015.05.17-13.24.46:853][193]LogModuleManager: Shutting down and abandoning module PaperTiledImporter (84)
[2015.05.17-13.24.46:853][193]LogModuleManager: Shutting down and abandoning module PaperJsonImporter (83)
[2015.05.17-13.24.46:853][193]LogModuleManager: Shutting down and abandoning module ContentBrowser (82)
[2015.05.17-13.24.46:854][193]LogModuleManager: Shutting down and abandoning module Paper2DEditor (81)
[2015.05.17-13.24.46:855][193]LogModuleManager: Shutting down and abandoning module ScriptPlugin (80)
[2015.05.17-13.24.46:855][193]LogModuleManager: Shutting down and abandoning module UdpMessaging (79)
[2015.05.17-13.24.46:955][193]LogModuleManager: Shutting down and abandoning module Paper2D (78)
[2015.05.17-13.24.46:955][193]LogModuleManager: Shutting down and abandoning module WindowsMoviePlayer (77)
[2015.05.17-13.24.46:960][193]LogModuleManager: Shutting down and abandoning module Media (76)
[2015.05.17-13.24.46:960][193]LogModuleManager: Shutting down and abandoning module WmfMedia (75)
[2015.05.17-13.24.46:960][193]LogModuleManager: Shutting down and abandoning module OnlineBlueprintSupport (74)
[2015.05.17-13.24.46:960][193]LogModuleManager: Shutting down and abandoning module PropertyEditor (73)
[2015.05.17-13.24.46:960][193]LogModuleManager: Shutting down and abandoning module BehaviorTreeEditor (72)
[2015.05.17-13.24.46:960][193]LogModuleManager: Shutting down and abandoning module FunctionalTesting (71)
[2015.05.17-13.24.46:960][193]LogModuleManager: Shutting down and abandoning module CollisionAnalyzer (70)
[2015.05.17-13.24.46:960][193]LogModuleManager: Shutting down and abandoning module WorkspaceMenuStructure (69)
[2015.05.17-13.24.46:960][193]LogModuleManager: Shutting down and abandoning module MessageLog (68)
[2015.05.17-13.24.46:960][193]LogModuleManager: Shutting down and abandoning module Sequencer (67)
[2015.05.17-13.24.46:960][193]LogModuleManager: Shutting down and abandoning module AssetTools (66)
[2015.05.17-13.24.46:961][193]LogModuleManager: Shutting down and abandoning module UMGEditor (65)
[2015.05.17-13.24.46:961][193]LogModuleManager: Shutting down and abandoning module UMG (64)
[2015.05.17-13.24.46:961][193]LogModuleManager: Shutting down and abandoning module Slate (63)
[2015.05.17-13.24.46:961][193]LogModuleManager: Shutting down and abandoning module EditorStyle (62)
[2015.05.17-13.24.46:970][193]LogModuleManager: Shutting down and abandoning module SessionServices (61)
[2015.05.17-13.24.46:970][193]LogModuleManager: Shutting down and abandoning module SourceCodeAccess (60)
[2015.05.17-13.24.46:970][193]LogModuleManager: Shutting down and abandoning module HeadMountedDisplay (59)
[2015.05.17-13.24.46:970][193]LogModuleManager: Shutting down and abandoning module XAudio2 (58)
[2015.05.17-13.24.46:970][193]LogModuleManager: Shutting down and abandoning module Networking (56)
[2015.05.17-13.24.46:970][193]LogModuleManager: Shutting down and abandoning module Core (55)
[2015.05.17-13.24.46:970][193]LogModuleManager: Shutting down and abandoning module KismetCompiler (54)
[2015.05.17-13.24.46:970][193]LogModuleManager: Shutting down and abandoning module PhysXFormats (53)
[2015.05.17-13.24.46:970][193]LogModuleManager: Shutting down and abandoning module MeshUtilities (52)
[2015.05.17-13.24.46:970][193]LogModuleManager: Shutting down and abandoning module DerivedDataCache (51)
[2015.05.17-13.24.47:055][193]LogDerivedDataCache: Shutdown
[2015.05.17-13.24.47:055][193]LogModuleManager: Shutting down and abandoning module ShaderFormatOpenGL (50)
[2015.05.17-13.24.47:055][193]LogModuleManager: Shutting down and abandoning module ShaderFormatD3D (49)
[2015.05.17-13.24.47:055][193]LogModuleManager: Shutting down and abandoning module MetalShaderFormat (48)
[2015.05.17-13.24.47:055][193]LogModuleManager: Shutting down and abandoning module TextureFormatUncompressed (47)
[2015.05.17-13.24.47:055][193]LogModuleManager: Shutting down and abandoning module TextureFormatPVR (46)
[2015.05.17-13.24.47:055][193]LogModuleManager: Shutting down and abandoning module TextureFormatIntelISPCTexComp (45)
[2015.05.17-13.24.47:055][193]LogModuleManager: Shutting down and abandoning module TextureFormatDXT (44)
[2015.05.17-13.24.47:055][193]LogModuleManager: Shutting down and abandoning module ImageWrapper (43)
[2015.05.17-13.24.47:055][193]LogModuleManager: Shutting down and abandoning module TextureFormatASTC (42)
[2015.05.17-13.24.47:055][193]LogModuleManager: Shutting down and abandoning module TextureFormatAndroid (41)
[2015.05.17-13.24.47:055][193]LogModuleManager: Shutting down and abandoning module AudioFormatOpus (40)
[2015.05.17-13.24.47:055][193]LogModuleManager: Shutting down and abandoning module AudioFormatOgg (39)
[2015.05.17-13.24.47:055][193]LogModuleManager: Shutting down and abandoning module AudioFormatADPCM (38)
[2015.05.17-13.24.47:055][193]LogModuleManager: Shutting down and abandoning module LinuxTargetPlatform (37)
[2015.05.17-13.24.47:055][193]LogModuleManager: Shutting down and abandoning module LinuxServerTargetPlatform (36)
[2015.05.17-13.24.47:055][193]LogModuleManager: Shutting down and abandoning module LinuxNoEditorTargetPlatform (35)
[2015.05.17-13.24.47:055][193]LogModuleManager: Shutting down and abandoning module Messaging (34)
[2015.05.17-13.24.47:055][193]LogModuleManager: Shutting down and abandoning module IOSTargetPlatform (33)
[2015.05.17-13.24.47:055][193]LogModuleManager: Shutting down and abandoning module HTML5TargetPlatform (32)
[2015.05.17-13.24.47:055][193]LogModuleManager: Shutting down and abandoning module Android_PVRTCTargetPlatform (31)
[2015.05.17-13.24.47:055][193]LogModuleManager: Shutting down and abandoning module Android_ETC2TargetPlatform (30)
[2015.05.17-13.24.47:055][193]LogModuleManager: Shutting down and abandoning module Android_ETC1TargetPlatform (29)
[2015.05.17-13.24.47:055][193]LogModuleManager: Shutting down and abandoning module Android_ES31TargetPlatform (28)
[2015.05.17-13.24.47:055][193]LogModuleManager: Shutting down and abandoning module Android_DXTTargetPlatform (27)
[2015.05.17-13.24.47:055][193]LogModuleManager: Shutting down and abandoning module Android_ATCTargetPlatform (26)
[2015.05.17-13.24.47:055][193]LogModuleManager: Shutting down and abandoning module AndroidTargetPlatform (25)
[2015.05.17-13.24.47:055][193]LogModuleManager: Shutting down and abandoning module WindowsTargetPlatform (24)
[2015.05.17-13.24.47:055][193]LogModuleManager: Shutting down and abandoning module WindowsServerTargetPlatform (23)
[2015.05.17-13.24.47:055][193]LogModuleManager: Shutting down and abandoning module WindowsNoEditorTargetPlatform (22)
[2015.05.17-13.24.47:055][193]LogModuleManager: Shutting down and abandoning module WindowsClientTargetPlatform (21)
[2015.05.17-13.24.47:055][193]LogModuleManager: Shutting down and abandoning module TargetPlatform (20)
[2015.05.17-13.24.47:055][193]LogModuleManager: Shutting down and abandoning module InputCore (19)
[2015.05.17-13.24.47:055][193]LogModuleManager: Shutting down and abandoning module Settings (18)
[2015.05.17-13.24.47:056][193]LogModuleManager: Shutting down and abandoning module OnlineSubsystem (16)
[2015.05.17-13.24.47:056][193]LogModuleManager: Shutting down and abandoning module OculusRift (15)
[2015.05.17-13.24.47:056][193]LogModuleManager: Shutting down and abandoning module ExampleDeviceProfileSelector (14)
[2015.05.17-13.24.47:056][193]LogModuleManager: Shutting down and abandoning module TextureCompressor (13)
[2015.05.17-13.24.47:056][193]LogModuleManager: Shutting down and abandoning module ShaderCore (12)
[2015.05.17-13.24.47:056][193]LogModuleManager: Shutting down and abandoning module Landscape (11)
[2015.05.17-13.24.47:056][193]LogModuleManager: Shutting down and abandoning module SlateRHIRenderer (10)
[2015.05.17-13.24.47:065][193]LogModuleManager: Shutting down and abandoning module OpenGLDrv (9)
[2015.05.17-13.24.47:065][193]LogModuleManager: Shutting down and abandoning module D3D11RHI (8)
[2015.05.17-13.24.47:065][193]LogModuleManager: Shutting down and abandoning module Renderer (7)
[2015.05.17-13.24.47:065][193]LogModuleManager: Shutting down and abandoning module Engine (6)
[2015.05.17-13.24.47:065][193]LogModuleManager: Shutting down and abandoning module CoreUObject (5)
[2015.05.17-13.24.47:065][193]LogModuleManager: Shutting down and abandoning module NetworkFile (4)
[2015.05.17-13.24.47:065][193]LogModuleManager: Shutting down and abandoning module StreamingFile (3)
[2015.05.17-13.24.47:065][193]LogModuleManager: Shutting down and abandoning module SandboxFile (2)
[2015.05.17-13.24.47:065][193]LogModuleManager: Shutting down and abandoning module PakFile (1)
[2015.05.17-13.24.47:066][193]LogExit: Exiting.
[2015.05.17-13.24.47:096][193]Log file closed, 05/17/15 17:24:47
